<?xml version="1.0" encoding="UTF-8"?>
<TestRun id="14166fc5-8af8-40eb-b9ca-7f43b4b7daa7" name="rNdm@RNDM-PC 2014-07-27 00:34:16" runUser="RNDM-PC\rNdm" xmlns="http://microsoft.com/schemas/VisualStudio/TeamTest/2006">
  <TestRunConfiguration name="Local Test Run" id="837d47a3-7125-40da-ae2e-a4bba32ba44a">
    <Description>This is a default test run configuration for a local test run.</Description>
    <Deployment runDeploymentRoot="C:\Users\rNdm\Documents\Work\ADS\charlal1_priority_queue_lab_2\TestResults\rNdm_RNDM-PC 2014-07-27 00_34_16">
      <DeploymentItem filename="c:\Users\rNdm\Documents\Work\ADS\charlal1_priority_queue_lab_2\charlal1_priority_queue_lab_2_tests\charlal1_priority_queue_lab_2_Accessor.exe" />
      <DeploymentItem filename="c:\Users\rNdm\Documents\Work\ADS\charlal1_priority_queue_lab_2\Debug\charlal1_priority_queue_lab_2.exe" />
    </Deployment>
    <TestTypeSpecific />
  </TestRunConfiguration>
  <ResultSummary outcome="Failed">
    <Counters total="11" executed="11" error="0" failed="11" timeout="0" aborted="0" inconclusive="0" passedButRunAborted="0" notRunnable="0" notExecuted="0" disconnected="0" warning="0" passed="0" completed="0" inProgress="0" pending="0" />
  </ResultSummary>
  <Times creation="2014-07-27T00:34:16.6102100+12:00" queuing="2014-07-27T00:34:16.7341317+12:00" start="2014-07-27T00:34:16.7651343+12:00" finish="2014-07-27T00:34:16.8051294+12:00" />
  <TestDefinitions>
    <UnitTest name="NameTest" storage="c:\users\rndm\documents\work\ads\charlal1_priority_queue_lab_2\debug\charlal1_priority_queue_lab_2_tests.dll" id="c00dcf41-4f95-8b69-a372-5f88a4696d7c">
      <Css projectStructure="" iteration="" />
      <Owners>
        <Owner name="" />
      </Owners>
      <DeploymentItems>
        <DeploymentItem filename="charlal1_priority_queue_lab_2.exe" />
      </DeploymentItems>
      <Execution id="f1d56540-fd7b-4b2f-bb5e-ad5bd032974a" />
      <TestMethod codeBase="C:\Users\rNdm\Documents\Work\ADS\charlal1_priority_queue_lab_2\Debug\charlal1_priority_queue_lab_2_tests.dll" adapterTypeName="Microsoft.VisualStudio.TestTools.TestTypes.Unit.UnitTestAdapter, Microsoft.VisualStudio.QualityTools.Tips.UnitTest.Adapter, Version=9.0.0.0, Culture=neutral, PublicKeyToken=b03f5f7f11d50a3a" className="charlal1_priority_queue_lab_2_tests.PatientTest, charlal1_priority_queue_lab_2_tests" name="NameTest" />
    </UnitTest>
    <UnitTest name="IsEmptyTest" storage="c:\users\rndm\documents\work\ads\charlal1_priority_queue_lab_2\debug\charlal1_priority_queue_lab_2_tests.dll" id="8caebf03-0e18-6adc-cd4e-31f8aa9222ac">
      <Css projectStructure="" iteration="" />
      <Owners>
        <Owner name="" />
      </Owners>
      <DeploymentItems>
        <DeploymentItem filename="charlal1_priority_queue_lab_2.exe" />
      </DeploymentItems>
      <Execution id="6ecb7507-f3a7-40e9-a5c1-49845f5fc2ec" />
      <TestMethod codeBase="C:\Users\rNdm\Documents\Work\ADS\charlal1_priority_queue_lab_2\Debug\charlal1_priority_queue_lab_2_tests.dll" adapterTypeName="Microsoft.VisualStudio.TestTools.TestTypes.Unit.UnitTestAdapter, Microsoft.VisualStudio.QualityTools.Tips.UnitTest.Adapter, Version=9.0.0.0, Culture=neutral, PublicKeyToken=b03f5f7f11d50a3a" className="charlal1_priority_queue_lab_2_tests.PriorityQueueTest, charlal1_priority_queue_lab_2_tests" name="IsEmptyTest" />
    </UnitTest>
    <UnitTest name="ToStringTest" storage="c:\users\rndm\documents\work\ads\charlal1_priority_queue_lab_2\debug\charlal1_priority_queue_lab_2_tests.dll" id="ac18c3f4-c873-aa8f-1e25-8b180c893456">
      <Css projectStructure="" iteration="" />
      <Owners>
        <Owner name="" />
      </Owners>
      <DeploymentItems>
        <DeploymentItem filename="charlal1_priority_queue_lab_2.exe" />
      </DeploymentItems>
      <Execution id="21e2b5b0-de2a-4cc9-ad3c-09330a89ad2e" />
      <TestMethod codeBase="C:\Users\rNdm\Documents\Work\ADS\charlal1_priority_queue_lab_2\Debug\charlal1_priority_queue_lab_2_tests.dll" adapterTypeName="Microsoft.VisualStudio.TestTools.TestTypes.Unit.UnitTestAdapter, Microsoft.VisualStudio.QualityTools.Tips.UnitTest.Adapter, Version=9.0.0.0, Culture=neutral, PublicKeyToken=b03f5f7f11d50a3a" className="charlal1_priority_queue_lab_2_tests.PatientTest, charlal1_priority_queue_lab_2_tests" name="ToStringTest" />
    </UnitTest>
    <UnitTest name="PeekTest" storage="c:\users\rndm\documents\work\ads\charlal1_priority_queue_lab_2\debug\charlal1_priority_queue_lab_2_tests.dll" id="163d7fb1-47ab-ae09-2160-cab47298cf68">
      <Css projectStructure="" iteration="" />
      <Owners>
        <Owner name="" />
      </Owners>
      <DeploymentItems>
        <DeploymentItem filename="charlal1_priority_queue_lab_2.exe" />
      </DeploymentItems>
      <Execution id="cdf2a70c-b6cc-4e3f-921e-9d976d9fe804" />
      <TestMethod codeBase="C:\Users\rNdm\Documents\Work\ADS\charlal1_priority_queue_lab_2\Debug\charlal1_priority_queue_lab_2_tests.dll" adapterTypeName="Microsoft.VisualStudio.TestTools.TestTypes.Unit.UnitTestAdapter, Microsoft.VisualStudio.QualityTools.Tips.UnitTest.Adapter, Version=9.0.0.0, Culture=neutral, PublicKeyToken=b03f5f7f11d50a3a" className="charlal1_priority_queue_lab_2_tests.PriorityQueueTest, charlal1_priority_queue_lab_2_tests" name="PeekTest" />
    </UnitTest>
    <UnitTest name="CompareToTest" storage="c:\users\rndm\documents\work\ads\charlal1_priority_queue_lab_2\debug\charlal1_priority_queue_lab_2_tests.dll" id="7a354bc7-2e5b-29ce-befe-b9d9b5148e4b">
      <Css projectStructure="" iteration="" />
      <Owners>
        <Owner name="" />
      </Owners>
      <DeploymentItems>
        <DeploymentItem filename="charlal1_priority_queue_lab_2.exe" />
      </DeploymentItems>
      <Execution id="df368443-993d-4a52-bd6a-5d3e0dd7931d" />
      <TestMethod codeBase="C:\Users\rNdm\Documents\Work\ADS\charlal1_priority_queue_lab_2\Debug\charlal1_priority_queue_lab_2_tests.dll" adapterTypeName="Microsoft.VisualStudio.TestTools.TestTypes.Unit.UnitTestAdapter, Microsoft.VisualStudio.QualityTools.Tips.UnitTest.Adapter, Version=9.0.0.0, Culture=neutral, PublicKeyToken=b03f5f7f11d50a3a" className="charlal1_priority_queue_lab_2_tests.PatientTest, charlal1_priority_queue_lab_2_tests" name="CompareToTest" />
    </UnitTest>
    <UnitTest name="PopTest" storage="c:\users\rndm\documents\work\ads\charlal1_priority_queue_lab_2\debug\charlal1_priority_queue_lab_2_tests.dll" id="0fb6a225-5e8f-006a-d038-c6d347e4eef4">
      <Css projectStructure="" iteration="" />
      <Owners>
        <Owner name="" />
      </Owners>
      <DeploymentItems>
        <DeploymentItem filename="charlal1_priority_queue_lab_2.exe" />
      </DeploymentItems>
      <Execution id="5eb8b302-9195-44fe-9402-0180ad828e3e" />
      <TestMethod codeBase="C:\Users\rNdm\Documents\Work\ADS\charlal1_priority_queue_lab_2\Debug\charlal1_priority_queue_lab_2_tests.dll" adapterTypeName="Microsoft.VisualStudio.TestTools.TestTypes.Unit.UnitTestAdapter, Microsoft.VisualStudio.QualityTools.Tips.UnitTest.Adapter, Version=9.0.0.0, Culture=neutral, PublicKeyToken=b03f5f7f11d50a3a" className="charlal1_priority_queue_lab_2_tests.PriorityQueueTest, charlal1_priority_queue_lab_2_tests" name="PopTest" />
    </UnitTest>
    <UnitTest name="PushTest" storage="c:\users\rndm\documents\work\ads\charlal1_priority_queue_lab_2\debug\charlal1_priority_queue_lab_2_tests.dll" id="e84cef97-ff09-08e9-fb45-953878b1ba38">
      <Css projectStructure="" iteration="" />
      <Owners>
        <Owner name="" />
      </Owners>
      <DeploymentItems>
        <DeploymentItem filename="charlal1_priority_queue_lab_2.exe" />
      </DeploymentItems>
      <Execution id="ae70130b-07d5-4c67-a91a-a01e43bbe587" />
      <TestMethod codeBase="C:\Users\rNdm\Documents\Work\ADS\charlal1_priority_queue_lab_2\Debug\charlal1_priority_queue_lab_2_tests.dll" adapterTypeName="Microsoft.VisualStudio.TestTools.TestTypes.Unit.UnitTestAdapter, Microsoft.VisualStudio.QualityTools.Tips.UnitTest.Adapter, Version=9.0.0.0, Culture=neutral, PublicKeyToken=b03f5f7f11d50a3a" className="charlal1_priority_queue_lab_2_tests.PriorityQueueTest, charlal1_priority_queue_lab_2_tests" name="PushTest" />
    </UnitTest>
    <UnitTest name="PriorityTest" storage="c:\users\rndm\documents\work\ads\charlal1_priority_queue_lab_2\debug\charlal1_priority_queue_lab_2_tests.dll" id="b0fe0915-04e3-b576-cddc-2248d672a194">
      <Css projectStructure="" iteration="" />
      <Owners>
        <Owner name="" />
      </Owners>
      <DeploymentItems>
        <DeploymentItem filename="charlal1_priority_queue_lab_2.exe" />
      </DeploymentItems>
      <Execution id="c5c24598-0c80-43c1-962a-717a75e50900" />
      <TestMethod codeBase="C:\Users\rNdm\Documents\Work\ADS\charlal1_priority_queue_lab_2\Debug\charlal1_priority_queue_lab_2_tests.dll" adapterTypeName="Microsoft.VisualStudio.TestTools.TestTypes.Unit.UnitTestAdapter, Microsoft.VisualStudio.QualityTools.Tips.UnitTest.Adapter, Version=9.0.0.0, Culture=neutral, PublicKeyToken=b03f5f7f11d50a3a" className="charlal1_priority_queue_lab_2_tests.PatientTest, charlal1_priority_queue_lab_2_tests" name="PriorityTest" />
    </UnitTest>
    <UnitTest name="PriorityQueueConstructorTest" storage="c:\users\rndm\documents\work\ads\charlal1_priority_queue_lab_2\debug\charlal1_priority_queue_lab_2_tests.dll" id="da0f682f-2f90-4141-678b-a4a00ccb9346">
      <Css projectStructure="" iteration="" />
      <Owners>
        <Owner name="" />
      </Owners>
      <DeploymentItems>
        <DeploymentItem filename="charlal1_priority_queue_lab_2.exe" />
      </DeploymentItems>
      <Execution id="d701ca68-2a0d-4895-b38a-2ce8f771166e" />
      <TestMethod codeBase="C:\Users\rNdm\Documents\Work\ADS\charlal1_priority_queue_lab_2\Debug\charlal1_priority_queue_lab_2_tests.dll" adapterTypeName="Microsoft.VisualStudio.TestTools.TestTypes.Unit.UnitTestAdapter, Microsoft.VisualStudio.QualityTools.Tips.UnitTest.Adapter, Version=9.0.0.0, Culture=neutral, PublicKeyToken=b03f5f7f11d50a3a" className="charlal1_priority_queue_lab_2_tests.PriorityQueueTest, charlal1_priority_queue_lab_2_tests" name="PriorityQueueConstructorTest" />
    </UnitTest>
    <UnitTest name="CountTest" storage="c:\users\rndm\documents\work\ads\charlal1_priority_queue_lab_2\debug\charlal1_priority_queue_lab_2_tests.dll" id="08f4719e-1063-4ef4-c5cc-2eee0a588d47">
      <Css projectStructure="" iteration="" />
      <Owners>
        <Owner name="" />
      </Owners>
      <DeploymentItems>
        <DeploymentItem filename="charlal1_priority_queue_lab_2.exe" />
      </DeploymentItems>
      <Execution id="80dee4dd-5e5d-4fec-b765-bad16140a618" />
      <TestMethod codeBase="C:\Users\rNdm\Documents\Work\ADS\charlal1_priority_queue_lab_2\Debug\charlal1_priority_queue_lab_2_tests.dll" adapterTypeName="Microsoft.VisualStudio.TestTools.TestTypes.Unit.UnitTestAdapter, Microsoft.VisualStudio.QualityTools.Tips.UnitTest.Adapter, Version=9.0.0.0, Culture=neutral, PublicKeyToken=b03f5f7f11d50a3a" className="charlal1_priority_queue_lab_2_tests.PriorityQueueTest, charlal1_priority_queue_lab_2_tests" name="CountTest" />
    </UnitTest>
    <UnitTest name="PatientConstructorTest" storage="c:\users\rndm\documents\work\ads\charlal1_priority_queue_lab_2\debug\charlal1_priority_queue_lab_2_tests.dll" id="61dc2e78-c7a6-99da-dcb8-d0a3be46db58">
      <Css projectStructure="" iteration="" />
      <Owners>
        <Owner name="" />
      </Owners>
      <DeploymentItems>
        <DeploymentItem filename="charlal1_priority_queue_lab_2.exe" />
      </DeploymentItems>
      <Execution id="eaea5f8e-b4f3-461d-a535-e220a22a39bb" />
      <TestMethod codeBase="C:\Users\rNdm\Documents\Work\ADS\charlal1_priority_queue_lab_2\Debug\charlal1_priority_queue_lab_2_tests.dll" adapterTypeName="Microsoft.VisualStudio.TestTools.TestTypes.Unit.UnitTestAdapter, Microsoft.VisualStudio.QualityTools.Tips.UnitTest.Adapter, Version=9.0.0.0, Culture=neutral, PublicKeyToken=b03f5f7f11d50a3a" className="charlal1_priority_queue_lab_2_tests.PatientTest, charlal1_priority_queue_lab_2_tests" name="PatientConstructorTest" />
    </UnitTest>
  </TestDefinitions>
  <TestLists>
    <TestList name="Results Not in a List" id="8c84fa94-04c1-424b-9868-57a2d4851a1d" />
    <TestList name="All Loaded Results" id="19431567-8539-422a-85d7-44ee4e166bda" />
  </TestLists>
  <TestEntries>
    <TestEntry testId="08f4719e-1063-4ef4-c5cc-2eee0a588d47" executionId="80dee4dd-5e5d-4fec-b765-bad16140a618" testListId="8c84fa94-04c1-424b-9868-57a2d4851a1d" />
    <TestEntry testId="0fb6a225-5e8f-006a-d038-c6d347e4eef4" executionId="5eb8b302-9195-44fe-9402-0180ad828e3e" testListId="8c84fa94-04c1-424b-9868-57a2d4851a1d" />
    <TestEntry testId="163d7fb1-47ab-ae09-2160-cab47298cf68" executionId="cdf2a70c-b6cc-4e3f-921e-9d976d9fe804" testListId="8c84fa94-04c1-424b-9868-57a2d4851a1d" />
    <TestEntry testId="61dc2e78-c7a6-99da-dcb8-d0a3be46db58" executionId="eaea5f8e-b4f3-461d-a535-e220a22a39bb" testListId="8c84fa94-04c1-424b-9868-57a2d4851a1d" />
    <TestEntry testId="7a354bc7-2e5b-29ce-befe-b9d9b5148e4b" executionId="df368443-993d-4a52-bd6a-5d3e0dd7931d" testListId="8c84fa94-04c1-424b-9868-57a2d4851a1d" />
    <TestEntry testId="8caebf03-0e18-6adc-cd4e-31f8aa9222ac" executionId="6ecb7507-f3a7-40e9-a5c1-49845f5fc2ec" testListId="8c84fa94-04c1-424b-9868-57a2d4851a1d" />
    <TestEntry testId="ac18c3f4-c873-aa8f-1e25-8b180c893456" executionId="21e2b5b0-de2a-4cc9-ad3c-09330a89ad2e" testListId="8c84fa94-04c1-424b-9868-57a2d4851a1d" />
    <TestEntry testId="b0fe0915-04e3-b576-cddc-2248d672a194" executionId="c5c24598-0c80-43c1-962a-717a75e50900" testListId="8c84fa94-04c1-424b-9868-57a2d4851a1d" />
    <TestEntry testId="c00dcf41-4f95-8b69-a372-5f88a4696d7c" executionId="f1d56540-fd7b-4b2f-bb5e-ad5bd032974a" testListId="8c84fa94-04c1-424b-9868-57a2d4851a1d" />
    <TestEntry testId="da0f682f-2f90-4141-678b-a4a00ccb9346" executionId="d701ca68-2a0d-4895-b38a-2ce8f771166e" testListId="8c84fa94-04c1-424b-9868-57a2d4851a1d" />
    <TestEntry testId="e84cef97-ff09-08e9-fb45-953878b1ba38" executionId="ae70130b-07d5-4c67-a91a-a01e43bbe587" testListId="8c84fa94-04c1-424b-9868-57a2d4851a1d" />
  </TestEntries>
  <Results>
    <UnitTestResult executionId="80dee4dd-5e5d-4fec-b765-bad16140a618" testId="08f4719e-1063-4ef4-c5cc-2eee0a588d47" testName="CountTest" computerName="RNDM-PC" duration="00:00:00.0048193" startTime="2014-07-27T00:34:16.7651343+12:00" endTime="2014-07-27T00:34:16.7851359+12:00" testType="13cdc9d9-ddb5-4fa4-a97d-d965ccfc6d4b" outcome="Failed" testListId="8c84fa94-04c1-424b-9868-57a2d4851a1d">
      <Output>
        <ErrorInfo>
          <Message>Test method charlal1_priority_queue_lab_2_tests.PriorityQueueTest.CountTest threw exception:  System.TypeInitializationException: The type initializer for 'charlal1_priority_queue_lab_2.PriorityQueue_Accessor' threw an exception. ---&gt;  System.IO.FileNotFoundException: Could not load file or assembly 'charlal1_priority_queue_lab_2, Version=1.0.5321.2491, Culture=neutral, PublicKeyToken=null' or one of its dependencies. The system cannot find the file specified.WRN: Assembly binding logging is turned OFF.
To enable assembly bind failure logging, set the registry value [HKLM\Software\Microsoft\Fusion!EnableLog] (DWORD) to 1.
Note: There is some performance penalty associated with assembly bind failure logging.
To turn this feature off, remove the registry value [HKLM\Software\Microsoft\Fusion!EnableLog].
.</Message>
          <StackTrace>    at System.Reflection.Assembly._nLoad(AssemblyName fileName, String codeBase, Evidence assemblySecurity, Assembly locationHint, StackCrawlMark&amp; stackMark, Boolean throwOnFileNotFound, Boolean forIntrospection)
   at System.Reflection.Assembly.nLoad(AssemblyName fileName, String codeBase, Evidence assemblySecurity, Assembly locationHint, StackCrawlMark&amp; stackMark, Boolean throwOnFileNotFound, Boolean forIntrospection)
   at System.Reflection.Assembly.InternalLoad(AssemblyName assemblyRef, Evidence assemblySecurity, StackCrawlMark&amp; stackMark, Boolean forIntrospection)
   at System.Reflection.Assembly.InternalLoad(String assemblyString, Evidence assemblySecurity, StackCrawlMark&amp; stackMark, Boolean forIntrospection)
   at System.Reflection.Assembly.Load(String assemblyString)
   at charlal1_priority_queue_lab_2.PriorityQueue_Accessor..cctor()
 --- End of inner exception stack trace ---
    at charlal1_priority_queue_lab_2.PriorityQueue_Accessor..ctor(Int32 size)
   at charlal1_priority_queue_lab_2_tests.PriorityQueueTest.CountTest() in c:\users\rndm\documents\work\ads\charlal1_priority_queue_lab_2\charlal1_priority_queue_lab_2_tests\priorityqueuetest.cpp:line 133
</StackTrace>
        </ErrorInfo>
      </Output>
    </UnitTestResult>
    <UnitTestResult executionId="5eb8b302-9195-44fe-9402-0180ad828e3e" testId="0fb6a225-5e8f-006a-d038-c6d347e4eef4" testName="PopTest" computerName="RNDM-PC" duration="00:00:00.0005320" startTime="2014-07-27T00:34:16.7851359+12:00" endTime="2014-07-27T00:34:16.7861293+12:00" testType="13cdc9d9-ddb5-4fa4-a97d-d965ccfc6d4b" outcome="Failed" testListId="8c84fa94-04c1-424b-9868-57a2d4851a1d">
      <Output>
        <ErrorInfo>
          <Message>Test method charlal1_priority_queue_lab_2_tests.PriorityQueueTest.PopTest threw exception:  System.TypeInitializationException: The type initializer for 'charlal1_priority_queue_lab_2.PriorityQueue_Accessor' threw an exception. ---&gt;  System.IO.FileNotFoundException: Could not load file or assembly 'charlal1_priority_queue_lab_2, Version=1.0.5321.2491, Culture=neutral, PublicKeyToken=null' or one of its dependencies. The system cannot find the file specified.WRN: Assembly binding logging is turned OFF.
To enable assembly bind failure logging, set the registry value [HKLM\Software\Microsoft\Fusion!EnableLog] (DWORD) to 1.
Note: There is some performance penalty associated with assembly bind failure logging.
To turn this feature off, remove the registry value [HKLM\Software\Microsoft\Fusion!EnableLog].
.</Message>
          <StackTrace>    at System.Reflection.Assembly._nLoad(AssemblyName fileName, String codeBase, Evidence assemblySecurity, Assembly locationHint, StackCrawlMark&amp; stackMark, Boolean throwOnFileNotFound, Boolean forIntrospection)
   at System.Reflection.Assembly.nLoad(AssemblyName fileName, String codeBase, Evidence assemblySecurity, Assembly locationHint, StackCrawlMark&amp; stackMark, Boolean throwOnFileNotFound, Boolean forIntrospection)
   at System.Reflection.Assembly.InternalLoad(AssemblyName assemblyRef, Evidence assemblySecurity, StackCrawlMark&amp; stackMark, Boolean forIntrospection)
   at System.Reflection.Assembly.InternalLoad(String assemblyString, Evidence assemblySecurity, StackCrawlMark&amp; stackMark, Boolean forIntrospection)
   at System.Reflection.Assembly.Load(String assemblyString)
   at charlal1_priority_queue_lab_2.PriorityQueue_Accessor..cctor()
 --- End of inner exception stack trace ---
    at charlal1_priority_queue_lab_2.PriorityQueue_Accessor..ctor(Int32 size)
   at charlal1_priority_queue_lab_2_tests.PriorityQueueTest.PopTest() in c:\users\rndm\documents\work\ads\charlal1_priority_queue_lab_2\charlal1_priority_queue_lab_2_tests\priorityqueuetest.cpp:line 86
</StackTrace>
        </ErrorInfo>
      </Output>
    </UnitTestResult>
    <UnitTestResult executionId="cdf2a70c-b6cc-4e3f-921e-9d976d9fe804" testId="163d7fb1-47ab-ae09-2160-cab47298cf68" testName="PeekTest" computerName="RNDM-PC" duration="00:00:00.0005175" startTime="2014-07-27T00:34:16.7871298+12:00" endTime="2014-07-27T00:34:16.7881336+12:00" testType="13cdc9d9-ddb5-4fa4-a97d-d965ccfc6d4b" outcome="Failed" testListId="8c84fa94-04c1-424b-9868-57a2d4851a1d">
      <Output>
        <ErrorInfo>
          <Message>Test method charlal1_priority_queue_lab_2_tests.PriorityQueueTest.PeekTest threw exception:  System.TypeInitializationException: The type initializer for 'charlal1_priority_queue_lab_2.PriorityQueue_Accessor' threw an exception. ---&gt;  System.IO.FileNotFoundException: Could not load file or assembly 'charlal1_priority_queue_lab_2, Version=1.0.5321.2491, Culture=neutral, PublicKeyToken=null' or one of its dependencies. The system cannot find the file specified.WRN: Assembly binding logging is turned OFF.
To enable assembly bind failure logging, set the registry value [HKLM\Software\Microsoft\Fusion!EnableLog] (DWORD) to 1.
Note: There is some performance penalty associated with assembly bind failure logging.
To turn this feature off, remove the registry value [HKLM\Software\Microsoft\Fusion!EnableLog].
.</Message>
          <StackTrace>    at System.Reflection.Assembly._nLoad(AssemblyName fileName, String codeBase, Evidence assemblySecurity, Assembly locationHint, StackCrawlMark&amp; stackMark, Boolean throwOnFileNotFound, Boolean forIntrospection)
   at System.Reflection.Assembly.nLoad(AssemblyName fileName, String codeBase, Evidence assemblySecurity, Assembly locationHint, StackCrawlMark&amp; stackMark, Boolean throwOnFileNotFound, Boolean forIntrospection)
   at System.Reflection.Assembly.InternalLoad(AssemblyName assemblyRef, Evidence assemblySecurity, StackCrawlMark&amp; stackMark, Boolean forIntrospection)
   at System.Reflection.Assembly.InternalLoad(String assemblyString, Evidence assemblySecurity, StackCrawlMark&amp; stackMark, Boolean forIntrospection)
   at System.Reflection.Assembly.Load(String assemblyString)
   at charlal1_priority_queue_lab_2.PriorityQueue_Accessor..cctor()
 --- End of inner exception stack trace ---
    at charlal1_priority_queue_lab_2.PriorityQueue_Accessor..ctor(Int32 size)
   at charlal1_priority_queue_lab_2_tests.PriorityQueueTest.PeekTest() in c:\users\rndm\documents\work\ads\charlal1_priority_queue_lab_2\charlal1_priority_queue_lab_2_tests\priorityqueuetest.cpp:line 102
</StackTrace>
        </ErrorInfo>
      </Output>
    </UnitTestResult>
    <UnitTestResult executionId="eaea5f8e-b4f3-461d-a535-e220a22a39bb" testId="61dc2e78-c7a6-99da-dcb8-d0a3be46db58" testName="PatientConstructorTest" computerName="RNDM-PC" duration="00:00:00.0018202" startTime="2014-07-27T00:34:16.7881336+12:00" endTime="2014-07-27T00:34:16.7911338+12:00" testType="13cdc9d9-ddb5-4fa4-a97d-d965ccfc6d4b" outcome="Failed" testListId="8c84fa94-04c1-424b-9868-57a2d4851a1d">
      <Output>
        <ErrorInfo>
          <Message>Test method charlal1_priority_queue_lab_2_tests.PatientTest.PatientConstructorTest threw exception:  System.TypeInitializationException: The type initializer for 'charlal1_priority_queue_lab_2.Patient_Accessor' threw an exception. ---&gt;  System.IO.FileNotFoundException: Could not load file or assembly 'charlal1_priority_queue_lab_2, Version=1.0.5321.2491, Culture=neutral, PublicKeyToken=null' or one of its dependencies. The system cannot find the file specified.WRN: Assembly binding logging is turned OFF.
To enable assembly bind failure logging, set the registry value [HKLM\Software\Microsoft\Fusion!EnableLog] (DWORD) to 1.
Note: There is some performance penalty associated with assembly bind failure logging.
To turn this feature off, remove the registry value [HKLM\Software\Microsoft\Fusion!EnableLog].
.</Message>
          <StackTrace>    at System.Reflection.Assembly._nLoad(AssemblyName fileName, String codeBase, Evidence assemblySecurity, Assembly locationHint, StackCrawlMark&amp; stackMark, Boolean throwOnFileNotFound, Boolean forIntrospection)
   at System.Reflection.Assembly.nLoad(AssemblyName fileName, String codeBase, Evidence assemblySecurity, Assembly locationHint, StackCrawlMark&amp; stackMark, Boolean throwOnFileNotFound, Boolean forIntrospection)
   at System.Reflection.Assembly.InternalLoad(AssemblyName assemblyRef, Evidence assemblySecurity, StackCrawlMark&amp; stackMark, Boolean forIntrospection)
   at System.Reflection.Assembly.InternalLoad(String assemblyString, Evidence assemblySecurity, StackCrawlMark&amp; stackMark, Boolean forIntrospection)
   at System.Reflection.Assembly.Load(String assemblyString)
   at charlal1_priority_queue_lab_2.Patient_Accessor..cctor()
 --- End of inner exception stack trace ---
    at charlal1_priority_queue_lab_2.Patient_Accessor..ctor(Int32 priority, String name)
   at charlal1_priority_queue_lab_2_tests.PatientTest.PatientConstructorTest() in c:\users\rndm\documents\work\ads\charlal1_priority_queue_lab_2\charlal1_priority_queue_lab_2_tests\patienttest.cpp:line 129
</StackTrace>
        </ErrorInfo>
      </Output>
    </UnitTestResult>
    <UnitTestResult executionId="df368443-993d-4a52-bd6a-5d3e0dd7931d" testId="7a354bc7-2e5b-29ce-befe-b9d9b5148e4b" testName="CompareToTest" computerName="RNDM-PC" duration="00:00:00.0004904" startTime="2014-07-27T00:34:16.7911338+12:00" endTime="2014-07-27T00:34:16.7921342+12:00" testType="13cdc9d9-ddb5-4fa4-a97d-d965ccfc6d4b" outcome="Failed" testListId="8c84fa94-04c1-424b-9868-57a2d4851a1d">
      <Output>
        <ErrorInfo>
          <Message>Test method charlal1_priority_queue_lab_2_tests.PatientTest.CompareToTest threw exception:  System.TypeInitializationException: The type initializer for 'charlal1_priority_queue_lab_2.Patient_Accessor' threw an exception. ---&gt;  System.IO.FileNotFoundException: Could not load file or assembly 'charlal1_priority_queue_lab_2, Version=1.0.5321.2491, Culture=neutral, PublicKeyToken=null' or one of its dependencies. The system cannot find the file specified.WRN: Assembly binding logging is turned OFF.
To enable assembly bind failure logging, set the registry value [HKLM\Software\Microsoft\Fusion!EnableLog] (DWORD) to 1.
Note: There is some performance penalty associated with assembly bind failure logging.
To turn this feature off, remove the registry value [HKLM\Software\Microsoft\Fusion!EnableLog].
.</Message>
          <StackTrace>    at System.Reflection.Assembly._nLoad(AssemblyName fileName, String codeBase, Evidence assemblySecurity, Assembly locationHint, StackCrawlMark&amp; stackMark, Boolean throwOnFileNotFound, Boolean forIntrospection)
   at System.Reflection.Assembly.nLoad(AssemblyName fileName, String codeBase, Evidence assemblySecurity, Assembly locationHint, StackCrawlMark&amp; stackMark, Boolean throwOnFileNotFound, Boolean forIntrospection)
   at System.Reflection.Assembly.InternalLoad(AssemblyName assemblyRef, Evidence assemblySecurity, StackCrawlMark&amp; stackMark, Boolean forIntrospection)
   at System.Reflection.Assembly.InternalLoad(String assemblyString, Evidence assemblySecurity, StackCrawlMark&amp; stackMark, Boolean forIntrospection)
   at System.Reflection.Assembly.Load(String assemblyString)
   at charlal1_priority_queue_lab_2.Patient_Accessor..cctor()
 --- End of inner exception stack trace ---
    at charlal1_priority_queue_lab_2.Patient_Accessor..ctor(Int32 priority, String name)
   at charlal1_priority_queue_lab_2_tests.PatientTest.CompareToTest() in c:\users\rndm\documents\work\ads\charlal1_priority_queue_lab_2\charlal1_priority_queue_lab_2_tests\patienttest.cpp:line 112
</StackTrace>
        </ErrorInfo>
      </Output>
    </UnitTestResult>
    <UnitTestResult executionId="6ecb7507-f3a7-40e9-a5c1-49845f5fc2ec" testId="8caebf03-0e18-6adc-cd4e-31f8aa9222ac" testName="IsEmptyTest" computerName="RNDM-PC" duration="00:00:00.0004802" startTime="2014-07-27T00:34:16.7931290+12:00" endTime="2014-07-27T00:34:16.7941344+12:00" testType="13cdc9d9-ddb5-4fa4-a97d-d965ccfc6d4b" outcome="Failed" testListId="8c84fa94-04c1-424b-9868-57a2d4851a1d">
      <Output>
        <ErrorInfo>
          <Message>Test method charlal1_priority_queue_lab_2_tests.PriorityQueueTest.IsEmptyTest threw exception:  System.TypeInitializationException: The type initializer for 'charlal1_priority_queue_lab_2.PriorityQueue_Accessor' threw an exception. ---&gt;  System.IO.FileNotFoundException: Could not load file or assembly 'charlal1_priority_queue_lab_2, Version=1.0.5321.2491, Culture=neutral, PublicKeyToken=null' or one of its dependencies. The system cannot find the file specified.WRN: Assembly binding logging is turned OFF.
To enable assembly bind failure logging, set the registry value [HKLM\Software\Microsoft\Fusion!EnableLog] (DWORD) to 1.
Note: There is some performance penalty associated with assembly bind failure logging.
To turn this feature off, remove the registry value [HKLM\Software\Microsoft\Fusion!EnableLog].
.</Message>
          <StackTrace>    at System.Reflection.Assembly._nLoad(AssemblyName fileName, String codeBase, Evidence assemblySecurity, Assembly locationHint, StackCrawlMark&amp; stackMark, Boolean throwOnFileNotFound, Boolean forIntrospection)
   at System.Reflection.Assembly.nLoad(AssemblyName fileName, String codeBase, Evidence assemblySecurity, Assembly locationHint, StackCrawlMark&amp; stackMark, Boolean throwOnFileNotFound, Boolean forIntrospection)
   at System.Reflection.Assembly.InternalLoad(AssemblyName assemblyRef, Evidence assemblySecurity, StackCrawlMark&amp; stackMark, Boolean forIntrospection)
   at System.Reflection.Assembly.InternalLoad(String assemblyString, Evidence assemblySecurity, StackCrawlMark&amp; stackMark, Boolean forIntrospection)
   at System.Reflection.Assembly.Load(String assemblyString)
   at charlal1_priority_queue_lab_2.PriorityQueue_Accessor..cctor()
 --- End of inner exception stack trace ---
    at charlal1_priority_queue_lab_2.PriorityQueue_Accessor..ctor(Int32 size)
   at charlal1_priority_queue_lab_2_tests.PriorityQueueTest.IsEmptyTest() in c:\users\rndm\documents\work\ads\charlal1_priority_queue_lab_2\charlal1_priority_queue_lab_2_tests\priorityqueuetest.cpp:line 120
</StackTrace>
        </ErrorInfo>
      </Output>
    </UnitTestResult>
    <UnitTestResult executionId="21e2b5b0-de2a-4cc9-ad3c-09330a89ad2e" testId="ac18c3f4-c873-aa8f-1e25-8b180c893456" testName="ToStringTest" computerName="RNDM-PC" duration="00:00:00.0005620" startTime="2014-07-27T00:34:16.7941344+12:00" endTime="2014-07-27T00:34:16.7971349+12:00" testType="13cdc9d9-ddb5-4fa4-a97d-d965ccfc6d4b" outcome="Failed" testListId="8c84fa94-04c1-424b-9868-57a2d4851a1d">
      <Output>
        <ErrorInfo>
          <Message>Test method charlal1_priority_queue_lab_2_tests.PatientTest.ToStringTest threw exception:  System.TypeInitializationException: The type initializer for 'charlal1_priority_queue_lab_2.Patient_Accessor' threw an exception. ---&gt;  System.IO.FileNotFoundException: Could not load file or assembly 'charlal1_priority_queue_lab_2, Version=1.0.5321.2491, Culture=neutral, PublicKeyToken=null' or one of its dependencies. The system cannot find the file specified.WRN: Assembly binding logging is turned OFF.
To enable assembly bind failure logging, set the registry value [HKLM\Software\Microsoft\Fusion!EnableLog] (DWORD) to 1.
Note: There is some performance penalty associated with assembly bind failure logging.
To turn this feature off, remove the registry value [HKLM\Software\Microsoft\Fusion!EnableLog].
.</Message>
          <StackTrace>    at System.Reflection.Assembly._nLoad(AssemblyName fileName, String codeBase, Evidence assemblySecurity, Assembly locationHint, StackCrawlMark&amp; stackMark, Boolean throwOnFileNotFound, Boolean forIntrospection)
   at System.Reflection.Assembly.nLoad(AssemblyName fileName, String codeBase, Evidence assemblySecurity, Assembly locationHint, StackCrawlMark&amp; stackMark, Boolean throwOnFileNotFound, Boolean forIntrospection)
   at System.Reflection.Assembly.InternalLoad(AssemblyName assemblyRef, Evidence assemblySecurity, StackCrawlMark&amp; stackMark, Boolean forIntrospection)
   at System.Reflection.Assembly.InternalLoad(String assemblyString, Evidence assemblySecurity, StackCrawlMark&amp; stackMark, Boolean forIntrospection)
   at System.Reflection.Assembly.Load(String assemblyString)
   at charlal1_priority_queue_lab_2.Patient_Accessor..cctor()
 --- End of inner exception stack trace ---
    at charlal1_priority_queue_lab_2.Patient_Accessor..ctor(Int32 priority, String name)
   at charlal1_priority_queue_lab_2_tests.PatientTest.ToStringTest() in c:\users\rndm\documents\work\ads\charlal1_priority_queue_lab_2\charlal1_priority_queue_lab_2_tests\patienttest.cpp:line 99
</StackTrace>
        </ErrorInfo>
      </Output>
    </UnitTestResult>
    <UnitTestResult executionId="c5c24598-0c80-43c1-962a-717a75e50900" testId="b0fe0915-04e3-b576-cddc-2248d672a194" testName="PriorityTest" computerName="RNDM-PC" duration="00:00:00.0004492" startTime="2014-07-27T00:34:16.7971349+12:00" endTime="2014-07-27T00:34:16.7981320+12:00" testType="13cdc9d9-ddb5-4fa4-a97d-d965ccfc6d4b" outcome="Failed" testListId="8c84fa94-04c1-424b-9868-57a2d4851a1d">
      <Output>
        <ErrorInfo>
          <Message>Test method charlal1_priority_queue_lab_2_tests.PatientTest.PriorityTest threw exception:  System.TypeInitializationException: The type initializer for 'charlal1_priority_queue_lab_2.Patient_Accessor' threw an exception. ---&gt;  System.IO.FileNotFoundException: Could not load file or assembly 'charlal1_priority_queue_lab_2, Version=1.0.5321.2491, Culture=neutral, PublicKeyToken=null' or one of its dependencies. The system cannot find the file specified.WRN: Assembly binding logging is turned OFF.
To enable assembly bind failure logging, set the registry value [HKLM\Software\Microsoft\Fusion!EnableLog] (DWORD) to 1.
Note: There is some performance penalty associated with assembly bind failure logging.
To turn this feature off, remove the registry value [HKLM\Software\Microsoft\Fusion!EnableLog].
.</Message>
          <StackTrace>    at System.Reflection.Assembly._nLoad(AssemblyName fileName, String codeBase, Evidence assemblySecurity, Assembly locationHint, StackCrawlMark&amp; stackMark, Boolean throwOnFileNotFound, Boolean forIntrospection)
   at System.Reflection.Assembly.nLoad(AssemblyName fileName, String codeBase, Evidence assemblySecurity, Assembly locationHint, StackCrawlMark&amp; stackMark, Boolean throwOnFileNotFound, Boolean forIntrospection)
   at System.Reflection.Assembly.InternalLoad(AssemblyName assemblyRef, Evidence assemblySecurity, StackCrawlMark&amp; stackMark, Boolean forIntrospection)
   at System.Reflection.Assembly.InternalLoad(String assemblyString, Evidence assemblySecurity, StackCrawlMark&amp; stackMark, Boolean forIntrospection)
   at System.Reflection.Assembly.Load(String assemblyString)
   at charlal1_priority_queue_lab_2.Patient_Accessor..cctor()
 --- End of inner exception stack trace ---
    at charlal1_priority_queue_lab_2.Patient_Accessor..ctor(Int32 priority, String name)
   at charlal1_priority_queue_lab_2_tests.PatientTest.PriorityTest() in c:\users\rndm\documents\work\ads\charlal1_priority_queue_lab_2\charlal1_priority_queue_lab_2_tests\patienttest.cpp:line 71
</StackTrace>
        </ErrorInfo>
      </Output>
    </UnitTestResult>
    <UnitTestResult executionId="f1d56540-fd7b-4b2f-bb5e-ad5bd032974a" testId="c00dcf41-4f95-8b69-a372-5f88a4696d7c" testName="NameTest" computerName="RNDM-PC" duration="00:00:00.0006727" startTime="2014-07-27T00:34:16.7981320+12:00" endTime="2014-07-27T00:34:16.8001294+12:00" testType="13cdc9d9-ddb5-4fa4-a97d-d965ccfc6d4b" outcome="Failed" testListId="8c84fa94-04c1-424b-9868-57a2d4851a1d">
      <Output>
        <ErrorInfo>
          <Message>Test method charlal1_priority_queue_lab_2_tests.PatientTest.NameTest threw exception:  System.TypeInitializationException: The type initializer for 'charlal1_priority_queue_lab_2.Patient_Accessor' threw an exception. ---&gt;  System.IO.FileNotFoundException: Could not load file or assembly 'charlal1_priority_queue_lab_2, Version=1.0.5321.2491, Culture=neutral, PublicKeyToken=null' or one of its dependencies. The system cannot find the file specified.WRN: Assembly binding logging is turned OFF.
To enable assembly bind failure logging, set the registry value [HKLM\Software\Microsoft\Fusion!EnableLog] (DWORD) to 1.
Note: There is some performance penalty associated with assembly bind failure logging.
To turn this feature off, remove the registry value [HKLM\Software\Microsoft\Fusion!EnableLog].
.</Message>
          <StackTrace>    at System.Reflection.Assembly._nLoad(AssemblyName fileName, String codeBase, Evidence assemblySecurity, Assembly locationHint, StackCrawlMark&amp; stackMark, Boolean throwOnFileNotFound, Boolean forIntrospection)
   at System.Reflection.Assembly.nLoad(AssemblyName fileName, String codeBase, Evidence assemblySecurity, Assembly locationHint, StackCrawlMark&amp; stackMark, Boolean throwOnFileNotFound, Boolean forIntrospection)
   at System.Reflection.Assembly.InternalLoad(AssemblyName assemblyRef, Evidence assemblySecurity, StackCrawlMark&amp; stackMark, Boolean forIntrospection)
   at System.Reflection.Assembly.InternalLoad(String assemblyString, Evidence assemblySecurity, StackCrawlMark&amp; stackMark, Boolean forIntrospection)
   at System.Reflection.Assembly.Load(String assemblyString)
   at charlal1_priority_queue_lab_2.Patient_Accessor..cctor()
 --- End of inner exception stack trace ---
    at charlal1_priority_queue_lab_2.Patient_Accessor..ctor(Int32 priority, String name)
   at charlal1_priority_queue_lab_2_tests.PatientTest.NameTest() in c:\users\rndm\documents\work\ads\charlal1_priority_queue_lab_2\charlal1_priority_queue_lab_2_tests\patienttest.cpp:line 85
</StackTrace>
        </ErrorInfo>
      </Output>
    </UnitTestResult>
    <UnitTestResult executionId="d701ca68-2a0d-4895-b38a-2ce8f771166e" testId="da0f682f-2f90-4141-678b-a4a00ccb9346" testName="PriorityQueueConstructorTest" computerName="RNDM-PC" duration="00:00:00.0004644" startTime="2014-07-27T00:34:16.8001294+12:00" endTime="2014-07-27T00:34:16.8021369+12:00" testType="13cdc9d9-ddb5-4fa4-a97d-d965ccfc6d4b" outcome="Failed" testListId="8c84fa94-04c1-424b-9868-57a2d4851a1d">
      <Output>
        <ErrorInfo>
          <Message>Test method charlal1_priority_queue_lab_2_tests.PriorityQueueTest.PriorityQueueConstructorTest threw exception:  System.TypeInitializationException: The type initializer for 'charlal1_priority_queue_lab_2.PriorityQueue_Accessor' threw an exception. ---&gt;  System.IO.FileNotFoundException: Could not load file or assembly 'charlal1_priority_queue_lab_2, Version=1.0.5321.2491, Culture=neutral, PublicKeyToken=null' or one of its dependencies. The system cannot find the file specified.WRN: Assembly binding logging is turned OFF.
To enable assembly bind failure logging, set the registry value [HKLM\Software\Microsoft\Fusion!EnableLog] (DWORD) to 1.
Note: There is some performance penalty associated with assembly bind failure logging.
To turn this feature off, remove the registry value [HKLM\Software\Microsoft\Fusion!EnableLog].
.</Message>
          <StackTrace>    at System.Reflection.Assembly._nLoad(AssemblyName fileName, String codeBase, Evidence assemblySecurity, Assembly locationHint, StackCrawlMark&amp; stackMark, Boolean throwOnFileNotFound, Boolean forIntrospection)
   at System.Reflection.Assembly.nLoad(AssemblyName fileName, String codeBase, Evidence assemblySecurity, Assembly locationHint, StackCrawlMark&amp; stackMark, Boolean throwOnFileNotFound, Boolean forIntrospection)
   at System.Reflection.Assembly.InternalLoad(AssemblyName assemblyRef, Evidence assemblySecurity, StackCrawlMark&amp; stackMark, Boolean forIntrospection)
   at System.Reflection.Assembly.InternalLoad(String assemblyString, Evidence assemblySecurity, StackCrawlMark&amp; stackMark, Boolean forIntrospection)
   at System.Reflection.Assembly.Load(String assemblyString)
   at charlal1_priority_queue_lab_2.PriorityQueue_Accessor..cctor()
 --- End of inner exception stack trace ---
    at charlal1_priority_queue_lab_2.PriorityQueue_Accessor..ctor(Int32 size)
   at charlal1_priority_queue_lab_2_tests.PriorityQueueTest.PriorityQueueConstructorTest() in c:\users\rndm\documents\work\ads\charlal1_priority_queue_lab_2\charlal1_priority_queue_lab_2_tests\priorityqueuetest.cpp:line 150
</StackTrace>
        </ErrorInfo>
      </Output>
    </UnitTestResult>
    <UnitTestResult executionId="ae70130b-07d5-4c67-a91a-a01e43bbe587" testId="e84cef97-ff09-08e9-fb45-953878b1ba38" testName="PushTest" computerName="RNDM-PC" duration="00:00:00.0005451" startTime="2014-07-27T00:34:16.8021369+12:00" endTime="2014-07-27T00:34:16.8031329+12:00" testType="13cdc9d9-ddb5-4fa4-a97d-d965ccfc6d4b" outcome="Failed" testListId="8c84fa94-04c1-424b-9868-57a2d4851a1d">
      <Output>
        <ErrorInfo>
          <Message>Test method charlal1_priority_queue_lab_2_tests.PriorityQueueTest.PushTest threw exception:  System.TypeInitializationException: The type initializer for 'charlal1_priority_queue_lab_2.PriorityQueue_Accessor' threw an exception. ---&gt;  System.IO.FileNotFoundException: Could not load file or assembly 'charlal1_priority_queue_lab_2, Version=1.0.5321.2491, Culture=neutral, PublicKeyToken=null' or one of its dependencies. The system cannot find the file specified.WRN: Assembly binding logging is turned OFF.
To enable assembly bind failure logging, set the registry value [HKLM\Software\Microsoft\Fusion!EnableLog] (DWORD) to 1.
Note: There is some performance penalty associated with assembly bind failure logging.
To turn this feature off, remove the registry value [HKLM\Software\Microsoft\Fusion!EnableLog].
.</Message>
          <StackTrace>    at System.Reflection.Assembly._nLoad(AssemblyName fileName, String codeBase, Evidence assemblySecurity, Assembly locationHint, StackCrawlMark&amp; stackMark, Boolean throwOnFileNotFound, Boolean forIntrospection)
   at System.Reflection.Assembly.nLoad(AssemblyName fileName, String codeBase, Evidence assemblySecurity, Assembly locationHint, StackCrawlMark&amp; stackMark, Boolean throwOnFileNotFound, Boolean forIntrospection)
   at System.Reflection.Assembly.InternalLoad(AssemblyName assemblyRef, Evidence assemblySecurity, StackCrawlMark&amp; stackMark, Boolean forIntrospection)
   at System.Reflection.Assembly.InternalLoad(String assemblyString, Evidence assemblySecurity, StackCrawlMark&amp; stackMark, Boolean forIntrospection)
   at System.Reflection.Assembly.Load(String assemblyString)
   at charlal1_priority_queue_lab_2.PriorityQueue_Accessor..cctor()
 --- End of inner exception stack trace ---
    at charlal1_priority_queue_lab_2.PriorityQueue_Accessor..ctor(Int32 size)
   at charlal1_priority_queue_lab_2_tests.PriorityQueueTest.PushTest() in c:\users\rndm\documents\work\ads\charlal1_priority_queue_lab_2\charlal1_priority_queue_lab_2_tests\priorityqueuetest.cpp:line 71
</StackTrace>
        </ErrorInfo>
      </Output>
    </UnitTestResult>
  </Results>
</TestRun>