<?xml version="1.0" encoding="UTF-8"?>
<TestRun id="88de3fb1-b62f-4930-b476-a4d421617230" name="rNdm@RNDM-PC 2014-07-27 00:29:11" runUser="RNDM-PC\rNdm" xmlns="http://microsoft.com/schemas/VisualStudio/TeamTest/2006">
  <TestRunConfiguration name="Local Test Run" id="837d47a3-7125-40da-ae2e-a4bba32ba44a">
    <Description>This is a default test run configuration for a local test run.</Description>
    <Deployment runDeploymentRoot="C:\Users\rNdm\Documents\Work\ADS\charlal1_priority_queue_lab_2\TestResults\rNdm_RNDM-PC 2014-07-27 00_29_11">
      <DeploymentItem filename="c:\Users\rNdm\Documents\Work\ADS\charlal1_priority_queue_lab_2\charlal1_priority_queue_lab_2_tests\charlal1_priority_queue_lab_2_Accessor.exe" />
      <DeploymentItem filename="c:\Users\rNdm\Documents\Work\ADS\charlal1_priority_queue_lab_2\Debug\charlal1_priority_queue_lab_2.exe" />
    </Deployment>
    <TestTypeSpecific />
  </TestRunConfiguration>
  <ResultSummary outcome="Failed">
    <Counters total="1" executed="1" error="0" failed="1" timeout="0" aborted="0" inconclusive="0" passedButRunAborted="0" notRunnable="0" notExecuted="0" disconnected="0" warning="0" passed="0" completed="0" inProgress="0" pending="0" />
  </ResultSummary>
  <Times creation="2014-07-27T00:29:11.0063630+12:00" queuing="2014-07-27T00:29:11.1298311+12:00" start="2014-07-27T00:29:11.1598329+12:00" finish="2014-07-27T00:29:11.2008338+12:00" />
  <TestDefinitions>
    <UnitTest name="CompareToTest" storage="c:\users\rndm\documents\work\ads\charlal1_priority_queue_lab_2\debug\charlal1_priority_queue_lab_2_tests.dll" id="7a354bc7-2e5b-29ce-befe-b9d9b5148e4b">
      <Css projectStructure="" iteration="" />
      <Owners>
        <Owner name="" />
      </Owners>
      <DeploymentItems>
        <DeploymentItem filename="charlal1_priority_queue_lab_2.exe" />
      </DeploymentItems>
      <Execution id="57834355-8355-4b58-9a89-2fe1762bc89d" />
      <TestMethod codeBase="C:\Users\rNdm\Documents\Work\ADS\charlal1_priority_queue_lab_2\Debug\charlal1_priority_queue_lab_2_tests.dll" adapterTypeName="Microsoft.VisualStudio.TestTools.TestTypes.Unit.UnitTestAdapter, Microsoft.VisualStudio.QualityTools.Tips.UnitTest.Adapter, Version=9.0.0.0, Culture=neutral, PublicKeyToken=b03f5f7f11d50a3a" className="charlal1_priority_queue_lab_2_tests.PatientTest, charlal1_priority_queue_lab_2_tests" name="CompareToTest" />
    </UnitTest>
  </TestDefinitions>
  <TestLists>
    <TestList name="Results Not in a List" id="8c84fa94-04c1-424b-9868-57a2d4851a1d" />
    <TestList name="All Loaded Results" id="19431567-8539-422a-85d7-44ee4e166bda" />
  </TestLists>
  <TestEntries>
    <TestEntry testId="7a354bc7-2e5b-29ce-befe-b9d9b5148e4b" executionId="57834355-8355-4b58-9a89-2fe1762bc89d" testListId="8c84fa94-04c1-424b-9868-57a2d4851a1d" />
  </TestEntries>
  <Results>
    <UnitTestResult executionId="57834355-8355-4b58-9a89-2fe1762bc89d" testId="7a354bc7-2e5b-29ce-befe-b9d9b5148e4b" testName="CompareToTest" computerName="RNDM-PC" duration="00:00:00.0222656" startTime="2014-07-27T00:29:11.1598329+12:00" endTime="2014-07-27T00:29:11.1968322+12:00" testType="13cdc9d9-ddb5-4fa4-a97d-d965ccfc6d4b" outcome="Failed" testListId="8c84fa94-04c1-424b-9868-57a2d4851a1d">
      <Output>
        <ErrorInfo>
          <Message>Assert.AreEqual failed. Expected:&lt;0&gt;. Actual:&lt;-1&gt;. </Message>
          <StackTrace>   at charlal1_priority_queue_lab_2_tests.PatientTest.CompareToTest() in c:\users\rndm\documents\work\ads\charlal1_priority_queue_lab_2\charlal1_priority_queue_lab_2_tests\patienttest.cpp:line 118
</StackTrace>
        </ErrorInfo>
      </Output>
    </UnitTestResult>
  </Results>
</TestRun>