<?xml version="1.0" encoding="UTF-8"?>
<TestRun id="914a2b77-e72b-4a64-bbd7-68c8383bf99b" name="rNdm@RNDM-PC 2014-07-27 13:32:47" runUser="RNDM-PC\rNdm" xmlns="http://microsoft.com/schemas/VisualStudio/TeamTest/2006">
  <TestRunConfiguration name="Local Test Run" id="837d47a3-7125-40da-ae2e-a4bba32ba44a">
    <Description>This is a default test run configuration for a local test run.</Description>
    <Deployment runDeploymentRoot="C:\Users\rNdm\Documents\Work\ADS\charlal1_priority_queue_lab_2\TestResults\rNdm_RNDM-PC 2014-07-27 13_32_47">
      <DeploymentItem filename="c:\Users\rNdm\Documents\Work\ADS\charlal1_priority_queue_lab_2\charlal1_priority_queue_lab_2_tests\charlal1_priority_queue_lab_2_Accessor.exe" />
      <DeploymentItem filename="c:\Users\rNdm\Documents\Work\ADS\charlal1_priority_queue_lab_2\Debug\charlal1_priority_queue_lab_2.exe" />
    </Deployment>
    <TestTypeSpecific />
  </TestRunConfiguration>
  <ResultSummary outcome="Failed">
    <Counters total="11" executed="11" error="0" failed="11" timeout="0" aborted="0" inconclusive="0" passedButRunAborted="0" notRunnable="0" notExecuted="0" disconnected="0" warning="0" passed="0" completed="0" inProgress="0" pending="0" />
  </ResultSummary>
  <Times creation="2014-07-27T13:32:47.4541925+12:00" queuing="2014-07-27T13:32:47.8222478+12:00" start="2014-07-27T13:32:47.9252531+12:00" finish="2014-07-27T13:32:48.0768061+12:00" />
  <TestDefinitions>
    <UnitTest name="NameTest" storage="c:\users\rndm\documents\work\ads\charlal1_priority_queue_lab_2\debug\charlal1_priority_queue_lab_2_tests.dll" id="c00dcf41-4f95-8b69-a372-5f88a4696d7c">
      <Css projectStructure="" iteration="" />
      <Owners>
        <Owner name="" />
      </Owners>
      <DeploymentItems>
        <DeploymentItem filename="charlal1_priority_queue_lab_2.exe" />
      </DeploymentItems>
      <Execution id="8ee72ff9-1f46-4cd4-b9dd-a03006a7e552" />
      <TestMethod codeBase="c:\Users\rNdm\Documents\Work\ADS\charlal1_priority_queue_lab_2\Debug\charlal1_priority_queue_lab_2_tests.dll" adapterTypeName="Microsoft.VisualStudio.TestTools.TestTypes.Unit.UnitTestAdapter, Microsoft.VisualStudio.QualityTools.Tips.UnitTest.Adapter, Version=9.0.0.0, Culture=neutral, PublicKeyToken=b03f5f7f11d50a3a" className="charlal1_priority_queue_lab_2_tests.PatientTest, charlal1_priority_queue_lab_2_tests" name="NameTest" />
    </UnitTest>
    <UnitTest name="IsEmptyTest" storage="c:\users\rndm\documents\work\ads\charlal1_priority_queue_lab_2\debug\charlal1_priority_queue_lab_2_tests.dll" id="8caebf03-0e18-6adc-cd4e-31f8aa9222ac">
      <Css projectStructure="" iteration="" />
      <Owners>
        <Owner name="" />
      </Owners>
      <DeploymentItems>
        <DeploymentItem filename="charlal1_priority_queue_lab_2.exe" />
      </DeploymentItems>
      <Execution id="68bdeca5-22d1-4c1d-9758-b03a181f3b97" />
      <TestMethod codeBase="c:\Users\rNdm\Documents\Work\ADS\charlal1_priority_queue_lab_2\Debug\charlal1_priority_queue_lab_2_tests.dll" adapterTypeName="Microsoft.VisualStudio.TestTools.TestTypes.Unit.UnitTestAdapter, Microsoft.VisualStudio.QualityTools.Tips.UnitTest.Adapter, Version=9.0.0.0, Culture=neutral, PublicKeyToken=b03f5f7f11d50a3a" className="charlal1_priority_queue_lab_2_tests.PriorityQueueTest, charlal1_priority_queue_lab_2_tests" name="IsEmptyTest" />
    </UnitTest>
    <UnitTest name="ToStringTest" storage="c:\users\rndm\documents\work\ads\charlal1_priority_queue_lab_2\debug\charlal1_priority_queue_lab_2_tests.dll" id="ac18c3f4-c873-aa8f-1e25-8b180c893456">
      <Css projectStructure="" iteration="" />
      <Owners>
        <Owner name="" />
      </Owners>
      <DeploymentItems>
        <DeploymentItem filename="charlal1_priority_queue_lab_2.exe" />
      </DeploymentItems>
      <Execution id="77c7e006-64e6-4aa2-a543-ce3f7cc95799" />
      <TestMethod codeBase="c:\Users\rNdm\Documents\Work\ADS\charlal1_priority_queue_lab_2\Debug\charlal1_priority_queue_lab_2_tests.dll" adapterTypeName="Microsoft.VisualStudio.TestTools.TestTypes.Unit.UnitTestAdapter, Microsoft.VisualStudio.QualityTools.Tips.UnitTest.Adapter, Version=9.0.0.0, Culture=neutral, PublicKeyToken=b03f5f7f11d50a3a" className="charlal1_priority_queue_lab_2_tests.PatientTest, charlal1_priority_queue_lab_2_tests" name="ToStringTest" />
    </UnitTest>
    <UnitTest name="PeekTest" storage="c:\users\rndm\documents\work\ads\charlal1_priority_queue_lab_2\debug\charlal1_priority_queue_lab_2_tests.dll" id="163d7fb1-47ab-ae09-2160-cab47298cf68">
      <Css projectStructure="" iteration="" />
      <Owners>
        <Owner name="" />
      </Owners>
      <DeploymentItems>
        <DeploymentItem filename="charlal1_priority_queue_lab_2.exe" />
      </DeploymentItems>
      <Execution id="eb09b650-a8ad-4641-8858-a849a673f30b" />
      <TestMethod codeBase="c:\Users\rNdm\Documents\Work\ADS\charlal1_priority_queue_lab_2\Debug\charlal1_priority_queue_lab_2_tests.dll" adapterTypeName="Microsoft.VisualStudio.TestTools.TestTypes.Unit.UnitTestAdapter, Microsoft.VisualStudio.QualityTools.Tips.UnitTest.Adapter, Version=9.0.0.0, Culture=neutral, PublicKeyToken=b03f5f7f11d50a3a" className="charlal1_priority_queue_lab_2_tests.PriorityQueueTest, charlal1_priority_queue_lab_2_tests" name="PeekTest" />
    </UnitTest>
    <UnitTest name="CompareToTest" storage="c:\users\rndm\documents\work\ads\charlal1_priority_queue_lab_2\debug\charlal1_priority_queue_lab_2_tests.dll" id="7a354bc7-2e5b-29ce-befe-b9d9b5148e4b">
      <Css projectStructure="" iteration="" />
      <Owners>
        <Owner name="" />
      </Owners>
      <DeploymentItems>
        <DeploymentItem filename="charlal1_priority_queue_lab_2.exe" />
      </DeploymentItems>
      <Execution id="c617b39b-9828-441f-a8cd-fd81aedc2082" />
      <TestMethod codeBase="c:\Users\rNdm\Documents\Work\ADS\charlal1_priority_queue_lab_2\Debug\charlal1_priority_queue_lab_2_tests.dll" adapterTypeName="Microsoft.VisualStudio.TestTools.TestTypes.Unit.UnitTestAdapter, Microsoft.VisualStudio.QualityTools.Tips.UnitTest.Adapter, Version=9.0.0.0, Culture=neutral, PublicKeyToken=b03f5f7f11d50a3a" className="charlal1_priority_queue_lab_2_tests.PatientTest, charlal1_priority_queue_lab_2_tests" name="CompareToTest" />
    </UnitTest>
    <UnitTest name="PopTest" storage="c:\users\rndm\documents\work\ads\charlal1_priority_queue_lab_2\debug\charlal1_priority_queue_lab_2_tests.dll" id="0fb6a225-5e8f-006a-d038-c6d347e4eef4">
      <Css projectStructure="" iteration="" />
      <Owners>
        <Owner name="" />
      </Owners>
      <DeploymentItems>
        <DeploymentItem filename="charlal1_priority_queue_lab_2.exe" />
      </DeploymentItems>
      <Execution id="4c82e708-5892-48f3-a187-550b20845063" />
      <TestMethod codeBase="c:\Users\rNdm\Documents\Work\ADS\charlal1_priority_queue_lab_2\Debug\charlal1_priority_queue_lab_2_tests.dll" adapterTypeName="Microsoft.VisualStudio.TestTools.TestTypes.Unit.UnitTestAdapter, Microsoft.VisualStudio.QualityTools.Tips.UnitTest.Adapter, Version=9.0.0.0, Culture=neutral, PublicKeyToken=b03f5f7f11d50a3a" className="charlal1_priority_queue_lab_2_tests.PriorityQueueTest, charlal1_priority_queue_lab_2_tests" name="PopTest" />
    </UnitTest>
    <UnitTest name="PushTest" storage="c:\users\rndm\documents\work\ads\charlal1_priority_queue_lab_2\debug\charlal1_priority_queue_lab_2_tests.dll" id="e84cef97-ff09-08e9-fb45-953878b1ba38">
      <Css projectStructure="" iteration="" />
      <Owners>
        <Owner name="" />
      </Owners>
      <DeploymentItems>
        <DeploymentItem filename="charlal1_priority_queue_lab_2.exe" />
      </DeploymentItems>
      <Execution id="829b711f-9856-4a3e-9365-d292b5367795" />
      <TestMethod codeBase="c:\Users\rNdm\Documents\Work\ADS\charlal1_priority_queue_lab_2\Debug\charlal1_priority_queue_lab_2_tests.dll" adapterTypeName="Microsoft.VisualStudio.TestTools.TestTypes.Unit.UnitTestAdapter, Microsoft.VisualStudio.QualityTools.Tips.UnitTest.Adapter, Version=9.0.0.0, Culture=neutral, PublicKeyToken=b03f5f7f11d50a3a" className="charlal1_priority_queue_lab_2_tests.PriorityQueueTest, charlal1_priority_queue_lab_2_tests" name="PushTest" />
    </UnitTest>
    <UnitTest name="PriorityTest" storage="c:\users\rndm\documents\work\ads\charlal1_priority_queue_lab_2\debug\charlal1_priority_queue_lab_2_tests.dll" id="b0fe0915-04e3-b576-cddc-2248d672a194">
      <Css projectStructure="" iteration="" />
      <Owners>
        <Owner name="" />
      </Owners>
      <DeploymentItems>
        <DeploymentItem filename="charlal1_priority_queue_lab_2.exe" />
      </DeploymentItems>
      <Execution id="4ebfd164-374e-4056-895b-48593f24a3d4" />
      <TestMethod codeBase="c:\Users\rNdm\Documents\Work\ADS\charlal1_priority_queue_lab_2\Debug\charlal1_priority_queue_lab_2_tests.dll" adapterTypeName="Microsoft.VisualStudio.TestTools.TestTypes.Unit.UnitTestAdapter, Microsoft.VisualStudio.QualityTools.Tips.UnitTest.Adapter, Version=9.0.0.0, Culture=neutral, PublicKeyToken=b03f5f7f11d50a3a" className="charlal1_priority_queue_lab_2_tests.PatientTest, charlal1_priority_queue_lab_2_tests" name="PriorityTest" />
    </UnitTest>
    <UnitTest name="PriorityQueueConstructorTest" storage="c:\users\rndm\documents\work\ads\charlal1_priority_queue_lab_2\debug\charlal1_priority_queue_lab_2_tests.dll" id="da0f682f-2f90-4141-678b-a4a00ccb9346">
      <Css projectStructure="" iteration="" />
      <Owners>
        <Owner name="" />
      </Owners>
      <DeploymentItems>
        <DeploymentItem filename="charlal1_priority_queue_lab_2.exe" />
      </DeploymentItems>
      <Execution id="424c90d3-24b5-4e78-be3e-a51954b8715d" />
      <TestMethod codeBase="c:\Users\rNdm\Documents\Work\ADS\charlal1_priority_queue_lab_2\Debug\charlal1_priority_queue_lab_2_tests.dll" adapterTypeName="Microsoft.VisualStudio.TestTools.TestTypes.Unit.UnitTestAdapter, Microsoft.VisualStudio.QualityTools.Tips.UnitTest.Adapter, Version=9.0.0.0, Culture=neutral, PublicKeyToken=b03f5f7f11d50a3a" className="charlal1_priority_queue_lab_2_tests.PriorityQueueTest, charlal1_priority_queue_lab_2_tests" name="PriorityQueueConstructorTest" />
    </UnitTest>
    <UnitTest name="CountTest" storage="c:\users\rndm\documents\work\ads\charlal1_priority_queue_lab_2\debug\charlal1_priority_queue_lab_2_tests.dll" id="08f4719e-1063-4ef4-c5cc-2eee0a588d47">
      <Css projectStructure="" iteration="" />
      <Owners>
        <Owner name="" />
      </Owners>
      <DeploymentItems>
        <DeploymentItem filename="charlal1_priority_queue_lab_2.exe" />
      </DeploymentItems>
      <Execution id="eeae00b5-df69-4c36-ad50-a437a90822f6" />
      <TestMethod codeBase="c:\Users\rNdm\Documents\Work\ADS\charlal1_priority_queue_lab_2\Debug\charlal1_priority_queue_lab_2_tests.dll" adapterTypeName="Microsoft.VisualStudio.TestTools.TestTypes.Unit.UnitTestAdapter, Microsoft.VisualStudio.QualityTools.Tips.UnitTest.Adapter, Version=9.0.0.0, Culture=neutral, PublicKeyToken=b03f5f7f11d50a3a" className="charlal1_priority_queue_lab_2_tests.PriorityQueueTest, charlal1_priority_queue_lab_2_tests" name="CountTest" />
    </UnitTest>
    <UnitTest name="PatientConstructorTest" storage="c:\users\rndm\documents\work\ads\charlal1_priority_queue_lab_2\debug\charlal1_priority_queue_lab_2_tests.dll" id="61dc2e78-c7a6-99da-dcb8-d0a3be46db58">
      <Css projectStructure="" iteration="" />
      <Owners>
        <Owner name="" />
      </Owners>
      <DeploymentItems>
        <DeploymentItem filename="charlal1_priority_queue_lab_2.exe" />
      </DeploymentItems>
      <Execution id="685cf322-12b5-4f78-ac36-8296a47b894d" />
      <TestMethod codeBase="c:\Users\rNdm\Documents\Work\ADS\charlal1_priority_queue_lab_2\Debug\charlal1_priority_queue_lab_2_tests.dll" adapterTypeName="Microsoft.VisualStudio.TestTools.TestTypes.Unit.UnitTestAdapter, Microsoft.VisualStudio.QualityTools.Tips.UnitTest.Adapter, Version=9.0.0.0, Culture=neutral, PublicKeyToken=b03f5f7f11d50a3a" className="charlal1_priority_queue_lab_2_tests.PatientTest, charlal1_priority_queue_lab_2_tests" name="PatientConstructorTest" />
    </UnitTest>
  </TestDefinitions>
  <TestLists>
    <TestList name="Results Not in a List" id="8c84fa94-04c1-424b-9868-57a2d4851a1d" />
    <TestList name="All Loaded Results" id="19431567-8539-422a-85d7-44ee4e166bda" />
  </TestLists>
  <TestEntries>
    <TestEntry testId="08f4719e-1063-4ef4-c5cc-2eee0a588d47" executionId="eeae00b5-df69-4c36-ad50-a437a90822f6" testListId="8c84fa94-04c1-424b-9868-57a2d4851a1d" />
    <TestEntry testId="0fb6a225-5e8f-006a-d038-c6d347e4eef4" executionId="4c82e708-5892-48f3-a187-550b20845063" testListId="8c84fa94-04c1-424b-9868-57a2d4851a1d" />
    <TestEntry testId="163d7fb1-47ab-ae09-2160-cab47298cf68" executionId="eb09b650-a8ad-4641-8858-a849a673f30b" testListId="8c84fa94-04c1-424b-9868-57a2d4851a1d" />
    <TestEntry testId="61dc2e78-c7a6-99da-dcb8-d0a3be46db58" executionId="685cf322-12b5-4f78-ac36-8296a47b894d" testListId="8c84fa94-04c1-424b-9868-57a2d4851a1d" />
    <TestEntry testId="7a354bc7-2e5b-29ce-befe-b9d9b5148e4b" executionId="c617b39b-9828-441f-a8cd-fd81aedc2082" testListId="8c84fa94-04c1-424b-9868-57a2d4851a1d" />
    <TestEntry testId="8caebf03-0e18-6adc-cd4e-31f8aa9222ac" executionId="68bdeca5-22d1-4c1d-9758-b03a181f3b97" testListId="8c84fa94-04c1-424b-9868-57a2d4851a1d" />
    <TestEntry testId="ac18c3f4-c873-aa8f-1e25-8b180c893456" executionId="77c7e006-64e6-4aa2-a543-ce3f7cc95799" testListId="8c84fa94-04c1-424b-9868-57a2d4851a1d" />
    <TestEntry testId="b0fe0915-04e3-b576-cddc-2248d672a194" executionId="4ebfd164-374e-4056-895b-48593f24a3d4" testListId="8c84fa94-04c1-424b-9868-57a2d4851a1d" />
    <TestEntry testId="c00dcf41-4f95-8b69-a372-5f88a4696d7c" executionId="8ee72ff9-1f46-4cd4-b9dd-a03006a7e552" testListId="8c84fa94-04c1-424b-9868-57a2d4851a1d" />
    <TestEntry testId="da0f682f-2f90-4141-678b-a4a00ccb9346" executionId="424c90d3-24b5-4e78-be3e-a51954b8715d" testListId="8c84fa94-04c1-424b-9868-57a2d4851a1d" />
    <TestEntry testId="e84cef97-ff09-08e9-fb45-953878b1ba38" executionId="829b711f-9856-4a3e-9365-d292b5367795" testListId="8c84fa94-04c1-424b-9868-57a2d4851a1d" />
  </TestEntries>
  <Results>
    <UnitTestResult executionId="eeae00b5-df69-4c36-ad50-a437a90822f6" testId="08f4719e-1063-4ef4-c5cc-2eee0a588d47" testName="CountTest" computerName="RNDM-PC" duration="00:00:00.0167149" startTime="2014-07-27T13:32:47.9492562+12:00" endTime="2014-07-27T13:32:48.0348057+12:00" testType="13cdc9d9-ddb5-4fa4-a97d-d965ccfc6d4b" outcome="Failed" testListId="8c84fa94-04c1-424b-9868-57a2d4851a1d">
      <Output>
        <ErrorInfo>
          <Message>Test method charlal1_priority_queue_lab_2_tests.PriorityQueueTest.CountTest threw exception:  System.TypeInitializationException: The type initializer for 'charlal1_priority_queue_lab_2.PriorityQueue_Accessor' threw an exception. ---&gt;  System.IO.FileNotFoundException: Could not load file or assembly 'charlal1_priority_queue_lab_2, Version=1.0.5321.2491, Culture=neutral, PublicKeyToken=null' or one of its dependencies. The system cannot find the file specified.WRN: Assembly binding logging is turned OFF.
To enable assembly bind failure logging, set the registry value [HKLM\Software\Microsoft\Fusion!EnableLog] (DWORD) to 1.
Note: There is some performance penalty associated with assembly bind failure logging.
To turn this feature off, remove the registry value [HKLM\Software\Microsoft\Fusion!EnableLog].
.</Message>
          <StackTrace>    at System.Reflection.Assembly._nLoad(AssemblyName fileName, String codeBase, Evidence assemblySecurity, Assembly locationHint, StackCrawlMark&amp; stackMark, Boolean throwOnFileNotFound, Boolean forIntrospection)
   at System.Reflection.Assembly.nLoad(AssemblyName fileName, String codeBase, Evidence assemblySecurity, Assembly locationHint, StackCrawlMark&amp; stackMark, Boolean throwOnFileNotFound, Boolean forIntrospection)
   at System.Reflection.Assembly.InternalLoad(AssemblyName assemblyRef, Evidence assemblySecurity, StackCrawlMark&amp; stackMark, Boolean forIntrospection)
   at System.Reflection.Assembly.InternalLoad(String assemblyString, Evidence assemblySecurity, StackCrawlMark&amp; stackMark, Boolean forIntrospection)
   at System.Reflection.Assembly.Load(String assemblyString)
   at charlal1_priority_queue_lab_2.PriorityQueue_Accessor..cctor()
 --- End of inner exception stack trace ---
    at charlal1_priority_queue_lab_2.PriorityQueue_Accessor..ctor(Int32 size)
   at charlal1_priority_queue_lab_2_tests.PriorityQueueTest.CountTest() in c:\users\rndm\documents\work\ads\charlal1_priority_queue_lab_2\charlal1_priority_queue_lab_2_tests\priorityqueuetest.cpp:line 133
</StackTrace>
        </ErrorInfo>
      </Output>
    </UnitTestResult>
    <UnitTestResult executionId="4c82e708-5892-48f3-a187-550b20845063" testId="0fb6a225-5e8f-006a-d038-c6d347e4eef4" testName="PopTest" computerName="RNDM-PC" duration="00:00:00.0006707" startTime="2014-07-27T13:32:48.0348057+12:00" endTime="2014-07-27T13:32:48.0368052+12:00" testType="13cdc9d9-ddb5-4fa4-a97d-d965ccfc6d4b" outcome="Failed" testListId="8c84fa94-04c1-424b-9868-57a2d4851a1d">
      <Output>
        <ErrorInfo>
          <Message>Test method charlal1_priority_queue_lab_2_tests.PriorityQueueTest.PopTest threw exception:  System.TypeInitializationException: The type initializer for 'charlal1_priority_queue_lab_2.PriorityQueue_Accessor' threw an exception. ---&gt;  System.IO.FileNotFoundException: Could not load file or assembly 'charlal1_priority_queue_lab_2, Version=1.0.5321.2491, Culture=neutral, PublicKeyToken=null' or one of its dependencies. The system cannot find the file specified.WRN: Assembly binding logging is turned OFF.
To enable assembly bind failure logging, set the registry value [HKLM\Software\Microsoft\Fusion!EnableLog] (DWORD) to 1.
Note: There is some performance penalty associated with assembly bind failure logging.
To turn this feature off, remove the registry value [HKLM\Software\Microsoft\Fusion!EnableLog].
.</Message>
          <StackTrace>    at System.Reflection.Assembly._nLoad(AssemblyName fileName, String codeBase, Evidence assemblySecurity, Assembly locationHint, StackCrawlMark&amp; stackMark, Boolean throwOnFileNotFound, Boolean forIntrospection)
   at System.Reflection.Assembly.nLoad(AssemblyName fileName, String codeBase, Evidence assemblySecurity, Assembly locationHint, StackCrawlMark&amp; stackMark, Boolean throwOnFileNotFound, Boolean forIntrospection)
   at System.Reflection.Assembly.InternalLoad(AssemblyName assemblyRef, Evidence assemblySecurity, StackCrawlMark&amp; stackMark, Boolean forIntrospection)
   at System.Reflection.Assembly.InternalLoad(String assemblyString, Evidence assemblySecurity, StackCrawlMark&amp; stackMark, Boolean forIntrospection)
   at System.Reflection.Assembly.Load(String assemblyString)
   at charlal1_priority_queue_lab_2.PriorityQueue_Accessor..cctor()
 --- End of inner exception stack trace ---
    at charlal1_priority_queue_lab_2.PriorityQueue_Accessor..ctor(Int32 size)
   at charlal1_priority_queue_lab_2_tests.PriorityQueueTest.PopTest() in c:\users\rndm\documents\work\ads\charlal1_priority_queue_lab_2\charlal1_priority_queue_lab_2_tests\priorityqueuetest.cpp:line 86
</StackTrace>
        </ErrorInfo>
      </Output>
    </UnitTestResult>
    <UnitTestResult executionId="eb09b650-a8ad-4641-8858-a849a673f30b" testId="163d7fb1-47ab-ae09-2160-cab47298cf68" testName="PeekTest" computerName="RNDM-PC" duration="00:00:00.0005815" startTime="2014-07-27T13:32:48.0368052+12:00" endTime="2014-07-27T13:32:48.0378024+12:00" testType="13cdc9d9-ddb5-4fa4-a97d-d965ccfc6d4b" outcome="Failed" testListId="8c84fa94-04c1-424b-9868-57a2d4851a1d">
      <Output>
        <ErrorInfo>
          <Message>Test method charlal1_priority_queue_lab_2_tests.PriorityQueueTest.PeekTest threw exception:  System.TypeInitializationException: The type initializer for 'charlal1_priority_queue_lab_2.PriorityQueue_Accessor' threw an exception. ---&gt;  System.IO.FileNotFoundException: Could not load file or assembly 'charlal1_priority_queue_lab_2, Version=1.0.5321.2491, Culture=neutral, PublicKeyToken=null' or one of its dependencies. The system cannot find the file specified.WRN: Assembly binding logging is turned OFF.
To enable assembly bind failure logging, set the registry value [HKLM\Software\Microsoft\Fusion!EnableLog] (DWORD) to 1.
Note: There is some performance penalty associated with assembly bind failure logging.
To turn this feature off, remove the registry value [HKLM\Software\Microsoft\Fusion!EnableLog].
.</Message>
          <StackTrace>    at System.Reflection.Assembly._nLoad(AssemblyName fileName, String codeBase, Evidence assemblySecurity, Assembly locationHint, StackCrawlMark&amp; stackMark, Boolean throwOnFileNotFound, Boolean forIntrospection)
   at System.Reflection.Assembly.nLoad(AssemblyName fileName, String codeBase, Evidence assemblySecurity, Assembly locationHint, StackCrawlMark&amp; stackMark, Boolean throwOnFileNotFound, Boolean forIntrospection)
   at System.Reflection.Assembly.InternalLoad(AssemblyName assemblyRef, Evidence assemblySecurity, StackCrawlMark&amp; stackMark, Boolean forIntrospection)
   at System.Reflection.Assembly.InternalLoad(String assemblyString, Evidence assemblySecurity, StackCrawlMark&amp; stackMark, Boolean forIntrospection)
   at System.Reflection.Assembly.Load(String assemblyString)
   at charlal1_priority_queue_lab_2.PriorityQueue_Accessor..cctor()
 --- End of inner exception stack trace ---
    at charlal1_priority_queue_lab_2.PriorityQueue_Accessor..ctor(Int32 size)
   at charlal1_priority_queue_lab_2_tests.PriorityQueueTest.PeekTest() in c:\users\rndm\documents\work\ads\charlal1_priority_queue_lab_2\charlal1_priority_queue_lab_2_tests\priorityqueuetest.cpp:line 102
</StackTrace>
        </ErrorInfo>
      </Output>
    </UnitTestResult>
    <UnitTestResult executionId="685cf322-12b5-4f78-ac36-8296a47b894d" testId="61dc2e78-c7a6-99da-dcb8-d0a3be46db58" testName="PatientConstructorTest" computerName="RNDM-PC" duration="00:00:00.0021074" startTime="2014-07-27T13:32:48.0388034+12:00" endTime="2014-07-27T13:32:48.0418010+12:00" testType="13cdc9d9-ddb5-4fa4-a97d-d965ccfc6d4b" outcome="Failed" testListId="8c84fa94-04c1-424b-9868-57a2d4851a1d">
      <Output>
        <ErrorInfo>
          <Message>Test method charlal1_priority_queue_lab_2_tests.PatientTest.PatientConstructorTest threw exception:  System.TypeInitializationException: The type initializer for 'charlal1_priority_queue_lab_2.Patient_Accessor' threw an exception. ---&gt;  System.IO.FileNotFoundException: Could not load file or assembly 'charlal1_priority_queue_lab_2, Version=1.0.5321.2491, Culture=neutral, PublicKeyToken=null' or one of its dependencies. The system cannot find the file specified.WRN: Assembly binding logging is turned OFF.
To enable assembly bind failure logging, set the registry value [HKLM\Software\Microsoft\Fusion!EnableLog] (DWORD) to 1.
Note: There is some performance penalty associated with assembly bind failure logging.
To turn this feature off, remove the registry value [HKLM\Software\Microsoft\Fusion!EnableLog].
.</Message>
          <StackTrace>    at System.Reflection.Assembly._nLoad(AssemblyName fileName, String codeBase, Evidence assemblySecurity, Assembly locationHint, StackCrawlMark&amp; stackMark, Boolean throwOnFileNotFound, Boolean forIntrospection)
   at System.Reflection.Assembly.nLoad(AssemblyName fileName, String codeBase, Evidence assemblySecurity, Assembly locationHint, StackCrawlMark&amp; stackMark, Boolean throwOnFileNotFound, Boolean forIntrospection)
   at System.Reflection.Assembly.InternalLoad(AssemblyName assemblyRef, Evidence assemblySecurity, StackCrawlMark&amp; stackMark, Boolean forIntrospection)
   at System.Reflection.Assembly.InternalLoad(String assemblyString, Evidence assemblySecurity, StackCrawlMark&amp; stackMark, Boolean forIntrospection)
   at System.Reflection.Assembly.Load(String assemblyString)
   at charlal1_priority_queue_lab_2.Patient_Accessor..cctor()
 --- End of inner exception stack trace ---
    at charlal1_priority_queue_lab_2.Patient_Accessor..ctor(Int32 priority, String name)
   at charlal1_priority_queue_lab_2_tests.PatientTest.PatientConstructorTest() in c:\users\rndm\documents\work\ads\charlal1_priority_queue_lab_2\charlal1_priority_queue_lab_2_tests\patienttest.cpp:line 129
</StackTrace>
        </ErrorInfo>
      </Output>
    </UnitTestResult>
    <UnitTestResult executionId="c617b39b-9828-441f-a8cd-fd81aedc2082" testId="7a354bc7-2e5b-29ce-befe-b9d9b5148e4b" testName="CompareToTest" computerName="RNDM-PC" duration="00:00:00.0005497" startTime="2014-07-27T13:32:48.0418010+12:00" endTime="2014-07-27T13:32:48.0428056+12:00" testType="13cdc9d9-ddb5-4fa4-a97d-d965ccfc6d4b" outcome="Failed" testListId="8c84fa94-04c1-424b-9868-57a2d4851a1d">
      <Output>
        <ErrorInfo>
          <Message>Test method charlal1_priority_queue_lab_2_tests.PatientTest.CompareToTest threw exception:  System.TypeInitializationException: The type initializer for 'charlal1_priority_queue_lab_2.Patient_Accessor' threw an exception. ---&gt;  System.IO.FileNotFoundException: Could not load file or assembly 'charlal1_priority_queue_lab_2, Version=1.0.5321.2491, Culture=neutral, PublicKeyToken=null' or one of its dependencies. The system cannot find the file specified.WRN: Assembly binding logging is turned OFF.
To enable assembly bind failure logging, set the registry value [HKLM\Software\Microsoft\Fusion!EnableLog] (DWORD) to 1.
Note: There is some performance penalty associated with assembly bind failure logging.
To turn this feature off, remove the registry value [HKLM\Software\Microsoft\Fusion!EnableLog].
.</Message>
          <StackTrace>    at System.Reflection.Assembly._nLoad(AssemblyName fileName, String codeBase, Evidence assemblySecurity, Assembly locationHint, StackCrawlMark&amp; stackMark, Boolean throwOnFileNotFound, Boolean forIntrospection)
   at System.Reflection.Assembly.nLoad(AssemblyName fileName, String codeBase, Evidence assemblySecurity, Assembly locationHint, StackCrawlMark&amp; stackMark, Boolean throwOnFileNotFound, Boolean forIntrospection)
   at System.Reflection.Assembly.InternalLoad(AssemblyName assemblyRef, Evidence assemblySecurity, StackCrawlMark&amp; stackMark, Boolean forIntrospection)
   at System.Reflection.Assembly.InternalLoad(String assemblyString, Evidence assemblySecurity, StackCrawlMark&amp; stackMark, Boolean forIntrospection)
   at System.Reflection.Assembly.Load(String assemblyString)
   at charlal1_priority_queue_lab_2.Patient_Accessor..cctor()
 --- End of inner exception stack trace ---
    at charlal1_priority_queue_lab_2.Patient_Accessor..ctor(Int32 priority, String name)
   at charlal1_priority_queue_lab_2_tests.PatientTest.CompareToTest() in c:\users\rndm\documents\work\ads\charlal1_priority_queue_lab_2\charlal1_priority_queue_lab_2_tests\patienttest.cpp:line 112
</StackTrace>
        </ErrorInfo>
      </Output>
    </UnitTestResult>
    <UnitTestResult executionId="68bdeca5-22d1-4c1d-9758-b03a181f3b97" testId="8caebf03-0e18-6adc-cd4e-31f8aa9222ac" testName="IsEmptyTest" computerName="RNDM-PC" duration="00:00:00.0006023" startTime="2014-07-27T13:32:48.0428056+12:00" endTime="2014-07-27T13:32:48.0448057+12:00" testType="13cdc9d9-ddb5-4fa4-a97d-d965ccfc6d4b" outcome="Failed" testListId="8c84fa94-04c1-424b-9868-57a2d4851a1d">
      <Output>
        <ErrorInfo>
          <Message>Test method charlal1_priority_queue_lab_2_tests.PriorityQueueTest.IsEmptyTest threw exception:  System.TypeInitializationException: The type initializer for 'charlal1_priority_queue_lab_2.PriorityQueue_Accessor' threw an exception. ---&gt;  System.IO.FileNotFoundException: Could not load file or assembly 'charlal1_priority_queue_lab_2, Version=1.0.5321.2491, Culture=neutral, PublicKeyToken=null' or one of its dependencies. The system cannot find the file specified.WRN: Assembly binding logging is turned OFF.
To enable assembly bind failure logging, set the registry value [HKLM\Software\Microsoft\Fusion!EnableLog] (DWORD) to 1.
Note: There is some performance penalty associated with assembly bind failure logging.
To turn this feature off, remove the registry value [HKLM\Software\Microsoft\Fusion!EnableLog].
.</Message>
          <StackTrace>    at System.Reflection.Assembly._nLoad(AssemblyName fileName, String codeBase, Evidence assemblySecurity, Assembly locationHint, StackCrawlMark&amp; stackMark, Boolean throwOnFileNotFound, Boolean forIntrospection)
   at System.Reflection.Assembly.nLoad(AssemblyName fileName, String codeBase, Evidence assemblySecurity, Assembly locationHint, StackCrawlMark&amp; stackMark, Boolean throwOnFileNotFound, Boolean forIntrospection)
   at System.Reflection.Assembly.InternalLoad(AssemblyName assemblyRef, Evidence assemblySecurity, StackCrawlMark&amp; stackMark, Boolean forIntrospection)
   at System.Reflection.Assembly.InternalLoad(String assemblyString, Evidence assemblySecurity, StackCrawlMark&amp; stackMark, Boolean forIntrospection)
   at System.Reflection.Assembly.Load(String assemblyString)
   at charlal1_priority_queue_lab_2.PriorityQueue_Accessor..cctor()
 --- End of inner exception stack trace ---
    at charlal1_priority_queue_lab_2.PriorityQueue_Accessor..ctor(Int32 size)
   at charlal1_priority_queue_lab_2_tests.PriorityQueueTest.IsEmptyTest() in c:\users\rndm\documents\work\ads\charlal1_priority_queue_lab_2\charlal1_priority_queue_lab_2_tests\priorityqueuetest.cpp:line 120
</StackTrace>
        </ErrorInfo>
      </Output>
    </UnitTestResult>
    <UnitTestResult executionId="77c7e006-64e6-4aa2-a543-ce3f7cc95799" testId="ac18c3f4-c873-aa8f-1e25-8b180c893456" testName="ToStringTest" computerName="RNDM-PC" duration="00:00:00.0005095" startTime="2014-07-27T13:32:48.0448057+12:00" endTime="2014-07-27T13:32:48.0458015+12:00" testType="13cdc9d9-ddb5-4fa4-a97d-d965ccfc6d4b" outcome="Failed" testListId="8c84fa94-04c1-424b-9868-57a2d4851a1d">
      <Output>
        <ErrorInfo>
          <Message>Test method charlal1_priority_queue_lab_2_tests.PatientTest.ToStringTest threw exception:  System.TypeInitializationException: The type initializer for 'charlal1_priority_queue_lab_2.Patient_Accessor' threw an exception. ---&gt;  System.IO.FileNotFoundException: Could not load file or assembly 'charlal1_priority_queue_lab_2, Version=1.0.5321.2491, Culture=neutral, PublicKeyToken=null' or one of its dependencies. The system cannot find the file specified.WRN: Assembly binding logging is turned OFF.
To enable assembly bind failure logging, set the registry value [HKLM\Software\Microsoft\Fusion!EnableLog] (DWORD) to 1.
Note: There is some performance penalty associated with assembly bind failure logging.
To turn this feature off, remove the registry value [HKLM\Software\Microsoft\Fusion!EnableLog].
.</Message>
          <StackTrace>    at System.Reflection.Assembly._nLoad(AssemblyName fileName, String codeBase, Evidence assemblySecurity, Assembly locationHint, StackCrawlMark&amp; stackMark, Boolean throwOnFileNotFound, Boolean forIntrospection)
   at System.Reflection.Assembly.nLoad(AssemblyName fileName, String codeBase, Evidence assemblySecurity, Assembly locationHint, StackCrawlMark&amp; stackMark, Boolean throwOnFileNotFound, Boolean forIntrospection)
   at System.Reflection.Assembly.InternalLoad(AssemblyName assemblyRef, Evidence assemblySecurity, StackCrawlMark&amp; stackMark, Boolean forIntrospection)
   at System.Reflection.Assembly.InternalLoad(String assemblyString, Evidence assemblySecurity, StackCrawlMark&amp; stackMark, Boolean forIntrospection)
   at System.Reflection.Assembly.Load(String assemblyString)
   at charlal1_priority_queue_lab_2.Patient_Accessor..cctor()
 --- End of inner exception stack trace ---
    at charlal1_priority_queue_lab_2.Patient_Accessor..ctor(Int32 priority, String name)
   at charlal1_priority_queue_lab_2_tests.PatientTest.ToStringTest() in c:\users\rndm\documents\work\ads\charlal1_priority_queue_lab_2\charlal1_priority_queue_lab_2_tests\patienttest.cpp:line 99
</StackTrace>
        </ErrorInfo>
      </Output>
    </UnitTestResult>
    <UnitTestResult executionId="4ebfd164-374e-4056-895b-48593f24a3d4" testId="b0fe0915-04e3-b576-cddc-2248d672a194" testName="PriorityTest" computerName="RNDM-PC" duration="00:00:00.0006555" startTime="2014-07-27T13:32:48.0468014+12:00" endTime="2014-07-27T13:32:48.0508029+12:00" testType="13cdc9d9-ddb5-4fa4-a97d-d965ccfc6d4b" outcome="Failed" testListId="8c84fa94-04c1-424b-9868-57a2d4851a1d">
      <Output>
        <ErrorInfo>
          <Message>Test method charlal1_priority_queue_lab_2_tests.PatientTest.PriorityTest threw exception:  System.TypeInitializationException: The type initializer for 'charlal1_priority_queue_lab_2.Patient_Accessor' threw an exception. ---&gt;  System.IO.FileNotFoundException: Could not load file or assembly 'charlal1_priority_queue_lab_2, Version=1.0.5321.2491, Culture=neutral, PublicKeyToken=null' or one of its dependencies. The system cannot find the file specified.WRN: Assembly binding logging is turned OFF.
To enable assembly bind failure logging, set the registry value [HKLM\Software\Microsoft\Fusion!EnableLog] (DWORD) to 1.
Note: There is some performance penalty associated with assembly bind failure logging.
To turn this feature off, remove the registry value [HKLM\Software\Microsoft\Fusion!EnableLog].
.</Message>
          <StackTrace>    at System.Reflection.Assembly._nLoad(AssemblyName fileName, String codeBase, Evidence assemblySecurity, Assembly locationHint, StackCrawlMark&amp; stackMark, Boolean throwOnFileNotFound, Boolean forIntrospection)
   at System.Reflection.Assembly.nLoad(AssemblyName fileName, String codeBase, Evidence assemblySecurity, Assembly locationHint, StackCrawlMark&amp; stackMark, Boolean throwOnFileNotFound, Boolean forIntrospection)
   at System.Reflection.Assembly.InternalLoad(AssemblyName assemblyRef, Evidence assemblySecurity, StackCrawlMark&amp; stackMark, Boolean forIntrospection)
   at System.Reflection.Assembly.InternalLoad(String assemblyString, Evidence assemblySecurity, StackCrawlMark&amp; stackMark, Boolean forIntrospection)
   at System.Reflection.Assembly.Load(String assemblyString)
   at charlal1_priority_queue_lab_2.Patient_Accessor..cctor()
 --- End of inner exception stack trace ---
    at charlal1_priority_queue_lab_2.Patient_Accessor..ctor(Int32 priority, String name)
   at charlal1_priority_queue_lab_2_tests.PatientTest.PriorityTest() in c:\users\rndm\documents\work\ads\charlal1_priority_queue_lab_2\charlal1_priority_queue_lab_2_tests\patienttest.cpp:line 71
</StackTrace>
        </ErrorInfo>
      </Output>
    </UnitTestResult>
    <UnitTestResult executionId="8ee72ff9-1f46-4cd4-b9dd-a03006a7e552" testId="c00dcf41-4f95-8b69-a372-5f88a4696d7c" testName="NameTest" computerName="RNDM-PC" duration="00:00:00.0005104" startTime="2014-07-27T13:32:48.0508029+12:00" endTime="2014-07-27T13:32:48.0518045+12:00" testType="13cdc9d9-ddb5-4fa4-a97d-d965ccfc6d4b" outcome="Failed" testListId="8c84fa94-04c1-424b-9868-57a2d4851a1d">
      <Output>
        <ErrorInfo>
          <Message>Test method charlal1_priority_queue_lab_2_tests.PatientTest.NameTest threw exception:  System.TypeInitializationException: The type initializer for 'charlal1_priority_queue_lab_2.Patient_Accessor' threw an exception. ---&gt;  System.IO.FileNotFoundException: Could not load file or assembly 'charlal1_priority_queue_lab_2, Version=1.0.5321.2491, Culture=neutral, PublicKeyToken=null' or one of its dependencies. The system cannot find the file specified.WRN: Assembly binding logging is turned OFF.
To enable assembly bind failure logging, set the registry value [HKLM\Software\Microsoft\Fusion!EnableLog] (DWORD) to 1.
Note: There is some performance penalty associated with assembly bind failure logging.
To turn this feature off, remove the registry value [HKLM\Software\Microsoft\Fusion!EnableLog].
.</Message>
          <StackTrace>    at System.Reflection.Assembly._nLoad(AssemblyName fileName, String codeBase, Evidence assemblySecurity, Assembly locationHint, StackCrawlMark&amp; stackMark, Boolean throwOnFileNotFound, Boolean forIntrospection)
   at System.Reflection.Assembly.nLoad(AssemblyName fileName, String codeBase, Evidence assemblySecurity, Assembly locationHint, StackCrawlMark&amp; stackMark, Boolean throwOnFileNotFound, Boolean forIntrospection)
   at System.Reflection.Assembly.InternalLoad(AssemblyName assemblyRef, Evidence assemblySecurity, StackCrawlMark&amp; stackMark, Boolean forIntrospection)
   at System.Reflection.Assembly.InternalLoad(String assemblyString, Evidence assemblySecurity, StackCrawlMark&amp; stackMark, Boolean forIntrospection)
   at System.Reflection.Assembly.Load(String assemblyString)
   at charlal1_priority_queue_lab_2.Patient_Accessor..cctor()
 --- End of inner exception stack trace ---
    at charlal1_priority_queue_lab_2.Patient_Accessor..ctor(Int32 priority, String name)
   at charlal1_priority_queue_lab_2_tests.PatientTest.NameTest() in c:\users\rndm\documents\work\ads\charlal1_priority_queue_lab_2\charlal1_priority_queue_lab_2_tests\patienttest.cpp:line 85
</StackTrace>
        </ErrorInfo>
      </Output>
    </UnitTestResult>
    <UnitTestResult executionId="424c90d3-24b5-4e78-be3e-a51954b8715d" testId="da0f682f-2f90-4141-678b-a4a00ccb9346" testName="PriorityQueueConstructorTest" computerName="RNDM-PC" duration="00:00:00.0004812" startTime="2014-07-27T13:32:48.0518045+12:00" endTime="2014-07-27T13:32:48.0538076+12:00" testType="13cdc9d9-ddb5-4fa4-a97d-d965ccfc6d4b" outcome="Failed" testListId="8c84fa94-04c1-424b-9868-57a2d4851a1d">
      <Output>
        <ErrorInfo>
          <Message>Test method charlal1_priority_queue_lab_2_tests.PriorityQueueTest.PriorityQueueConstructorTest threw exception:  System.TypeInitializationException: The type initializer for 'charlal1_priority_queue_lab_2.PriorityQueue_Accessor' threw an exception. ---&gt;  System.IO.FileNotFoundException: Could not load file or assembly 'charlal1_priority_queue_lab_2, Version=1.0.5321.2491, Culture=neutral, PublicKeyToken=null' or one of its dependencies. The system cannot find the file specified.WRN: Assembly binding logging is turned OFF.
To enable assembly bind failure logging, set the registry value [HKLM\Software\Microsoft\Fusion!EnableLog] (DWORD) to 1.
Note: There is some performance penalty associated with assembly bind failure logging.
To turn this feature off, remove the registry value [HKLM\Software\Microsoft\Fusion!EnableLog].
.</Message>
          <StackTrace>    at System.Reflection.Assembly._nLoad(AssemblyName fileName, String codeBase, Evidence assemblySecurity, Assembly locationHint, StackCrawlMark&amp; stackMark, Boolean throwOnFileNotFound, Boolean forIntrospection)
   at System.Reflection.Assembly.nLoad(AssemblyName fileName, String codeBase, Evidence assemblySecurity, Assembly locationHint, StackCrawlMark&amp; stackMark, Boolean throwOnFileNotFound, Boolean forIntrospection)
   at System.Reflection.Assembly.InternalLoad(AssemblyName assemblyRef, Evidence assemblySecurity, StackCrawlMark&amp; stackMark, Boolean forIntrospection)
   at System.Reflection.Assembly.InternalLoad(String assemblyString, Evidence assemblySecurity, StackCrawlMark&amp; stackMark, Boolean forIntrospection)
   at System.Reflection.Assembly.Load(String assemblyString)
   at charlal1_priority_queue_lab_2.PriorityQueue_Accessor..cctor()
 --- End of inner exception stack trace ---
    at charlal1_priority_queue_lab_2.PriorityQueue_Accessor..ctor(Int32 size)
   at charlal1_priority_queue_lab_2_tests.PriorityQueueTest.PriorityQueueConstructorTest() in c:\users\rndm\documents\work\ads\charlal1_priority_queue_lab_2\charlal1_priority_queue_lab_2_tests\priorityqueuetest.cpp:line 150
</StackTrace>
        </ErrorInfo>
      </Output>
    </UnitTestResult>
    <UnitTestResult executionId="829b711f-9856-4a3e-9365-d292b5367795" testId="e84cef97-ff09-08e9-fb45-953878b1ba38" testName="PushTest" computerName="RNDM-PC" duration="00:00:00.0005384" startTime="2014-07-27T13:32:48.0538076+12:00" endTime="2014-07-27T13:32:48.0548064+12:00" testType="13cdc9d9-ddb5-4fa4-a97d-d965ccfc6d4b" outcome="Failed" testListId="8c84fa94-04c1-424b-9868-57a2d4851a1d">
      <Output>
        <ErrorInfo>
          <Message>Test method charlal1_priority_queue_lab_2_tests.PriorityQueueTest.PushTest threw exception:  System.TypeInitializationException: The type initializer for 'charlal1_priority_queue_lab_2.PriorityQueue_Accessor' threw an exception. ---&gt;  System.IO.FileNotFoundException: Could not load file or assembly 'charlal1_priority_queue_lab_2, Version=1.0.5321.2491, Culture=neutral, PublicKeyToken=null' or one of its dependencies. The system cannot find the file specified.WRN: Assembly binding logging is turned OFF.
To enable assembly bind failure logging, set the registry value [HKLM\Software\Microsoft\Fusion!EnableLog] (DWORD) to 1.
Note: There is some performance penalty associated with assembly bind failure logging.
To turn this feature off, remove the registry value [HKLM\Software\Microsoft\Fusion!EnableLog].
.</Message>
          <StackTrace>    at System.Reflection.Assembly._nLoad(AssemblyName fileName, String codeBase, Evidence assemblySecurity, Assembly locationHint, StackCrawlMark&amp; stackMark, Boolean throwOnFileNotFound, Boolean forIntrospection)
   at System.Reflection.Assembly.nLoad(AssemblyName fileName, String codeBase, Evidence assemblySecurity, Assembly locationHint, StackCrawlMark&amp; stackMark, Boolean throwOnFileNotFound, Boolean forIntrospection)
   at System.Reflection.Assembly.InternalLoad(AssemblyName assemblyRef, Evidence assemblySecurity, StackCrawlMark&amp; stackMark, Boolean forIntrospection)
   at System.Reflection.Assembly.InternalLoad(String assemblyString, Evidence assemblySecurity, StackCrawlMark&amp; stackMark, Boolean forIntrospection)
   at System.Reflection.Assembly.Load(String assemblyString)
   at charlal1_priority_queue_lab_2.PriorityQueue_Accessor..cctor()
 --- End of inner exception stack trace ---
    at charlal1_priority_queue_lab_2.PriorityQueue_Accessor..ctor(Int32 size)
   at charlal1_priority_queue_lab_2_tests.PriorityQueueTest.PushTest() in c:\users\rndm\documents\work\ads\charlal1_priority_queue_lab_2\charlal1_priority_queue_lab_2_tests\priorityqueuetest.cpp:line 71
</StackTrace>
        </ErrorInfo>
      </Output>
    </UnitTestResult>
  </Results>
</TestRun>