<?xml version="1.0" encoding="UTF-8"?>
<TestRun id="70ddb8dd-cdbc-4398-b032-1e7f1c0ebe8f" name="rNdm@RNDM-PC 2014-07-31 18:43:16" runUser="RNDM-PC\rNdm" xmlns="http://microsoft.com/schemas/VisualStudio/TeamTest/2006">
  <TestRunConfiguration name="Local Test Run" id="40aa7b33-5a90-4002-88c6-e356e58f2b73">
    <Description>This is a default test run configuration for a local test run.</Description>
    <Deployment runDeploymentRoot="C:\Users\rNdm\Documents\Work\ADS\charlal1_stack_queue\TestResults\rNdm_RNDM-PC 2014-07-31 18_43_16" />
    <TestTypeSpecific />
  </TestRunConfiguration>
  <ResultSummary outcome="Failed">
    <Counters total="1" executed="1" error="0" failed="1" timeout="0" aborted="0" inconclusive="0" passedButRunAborted="0" notRunnable="0" notExecuted="0" disconnected="0" warning="0" passed="0" completed="0" inProgress="0" pending="0" />
  </ResultSummary>
  <Times creation="2014-07-31T18:43:16.3016960+12:00" queuing="2014-07-31T18:43:16.3897032+12:00" start="2014-07-31T18:43:16.4026992+12:00" finish="2014-07-31T18:43:16.4217059+12:00" />
  <TestDefinitions>
    <UnitTest name="TestPushInt" storage="c:\users\rndm\documents\work\ads\charlal1_stack_queue\debug\charlal1_stack_queue_tests.dll" id="58be1d8d-2a83-88b5-a750-ffb624ed73da">
      <Css projectStructure="" iteration="" />
      <Owners>
        <Owner name="" />
      </Owners>
      <Execution id="b694aee6-3b2b-4034-b5f6-98e01d9c89cc" />
      <TestMethod codeBase="C:\Users\rNdm\Documents\Work\ADS\charlal1_stack_queue\Debug\charlal1_stack_queue_tests.dll" adapterTypeName="Microsoft.VisualStudio.TestTools.TestTypes.Unit.UnitTestAdapter, Microsoft.VisualStudio.QualityTools.Tips.UnitTest.Adapter, Version=9.0.0.0, Culture=neutral, PublicKeyToken=b03f5f7f11d50a3a" className="charlal1_stack_queue_tests.charlal1_stack_queue_tests, charlal1_stack_queue_tests" name="TestPushInt" />
    </UnitTest>
  </TestDefinitions>
  <TestLists>
    <TestList name="Results Not in a List" id="8c84fa94-04c1-424b-9868-57a2d4851a1d" />
    <TestList name="All Loaded Results" id="19431567-8539-422a-85d7-44ee4e166bda" />
  </TestLists>
  <TestEntries>
    <TestEntry testId="58be1d8d-2a83-88b5-a750-ffb624ed73da" executionId="b694aee6-3b2b-4034-b5f6-98e01d9c89cc" testListId="8c84fa94-04c1-424b-9868-57a2d4851a1d" />
  </TestEntries>
  <Results>
    <UnitTestResult executionId="b694aee6-3b2b-4034-b5f6-98e01d9c89cc" testId="58be1d8d-2a83-88b5-a750-ffb624ed73da" testName="TestPushInt" computerName="RNDM-PC" duration="00:00:00.0013764" startTime="2014-07-31T18:43:16.4026992+12:00" endTime="2014-07-31T18:43:16.4207063+12:00" testType="13cdc9d9-ddb5-4fa4-a97d-d965ccfc6d4b" outcome="Failed" testListId="8c84fa94-04c1-424b-9868-57a2d4851a1d">
      <Output>
        <ErrorInfo>
          <Message>Test method charlal1_stack_queue_tests.charlal1_stack_queue_tests.TestPushInt threw exception:  System.StackOverflowException: You are trying to push a null item.</Message>
          <StackTrace>    at TStack&lt;int&gt;.Push(Int32 item) in c:\users\rndm\documents\work\ads\charlal1_stack_queue\charlal1_stack_queue\tstack.h:line 52
   at charlal1_stack_queue_tests.charlal1_stack_queue_tests.TestPushInt() in c:\users\rndm\documents\work\ads\charlal1_stack_queue\charlal1_stack_queue_tests\charlal1_stack_queue_tests.cpp:line 65
</StackTrace>
        </ErrorInfo>
      </Output>
    </UnitTestResult>
  </Results>
</TestRun>