<?xml version="1.0" encoding="UTF-8"?>
<TestRun id="eab70421-bee6-4478-87b5-8d81b34fa178" name="rNdm@RNDM-PC 2014-07-31 18:46:49" runUser="RNDM-PC\rNdm" xmlns="http://microsoft.com/schemas/VisualStudio/TeamTest/2006">
  <TestRunConfiguration name="Local Test Run" id="40aa7b33-5a90-4002-88c6-e356e58f2b73">
    <Description>This is a default test run configuration for a local test run.</Description>
    <Deployment runDeploymentRoot="C:\Users\rNdm\Documents\Work\ADS\charlal1_stack_queue\TestResults\rNdm_RNDM-PC 2014-07-31 18_46_49" />
    <TestTypeSpecific />
  </TestRunConfiguration>
  <ResultSummary outcome="Failed">
    <Counters total="1" executed="1" error="0" failed="1" timeout="0" aborted="0" inconclusive="0" passedButRunAborted="0" notRunnable="0" notExecuted="0" disconnected="0" warning="0" passed="0" completed="0" inProgress="0" pending="0" />
  </ResultSummary>
  <Times creation="2014-07-31T18:46:49.8465388+12:00" queuing="2014-07-31T18:46:49.9795554+12:00" start="2014-07-31T18:46:49.9915565+12:00" finish="2014-07-31T18:46:50.0195592+12:00" />
  <TestDefinitions>
    <UnitTest name="TestPushInt" storage="c:\users\rndm\documents\work\ads\charlal1_stack_queue\debug\charlal1_stack_queue_tests.dll" id="58be1d8d-2a83-88b5-a750-ffb624ed73da">
      <Css projectStructure="" iteration="" />
      <Owners>
        <Owner name="" />
      </Owners>
      <Execution id="4949eec3-6cf1-4da6-a259-e4c7268311ce" />
      <TestMethod codeBase="C:\Users\rNdm\Documents\Work\ADS\charlal1_stack_queue\Debug\charlal1_stack_queue_tests.dll" adapterTypeName="Microsoft.VisualStudio.TestTools.TestTypes.Unit.UnitTestAdapter, Microsoft.VisualStudio.QualityTools.Tips.UnitTest.Adapter, Version=9.0.0.0, Culture=neutral, PublicKeyToken=b03f5f7f11d50a3a" className="charlal1_stack_queue_tests.charlal1_stack_queue_tests, charlal1_stack_queue_tests" name="TestPushInt" />
    </UnitTest>
  </TestDefinitions>
  <TestLists>
    <TestList name="Results Not in a List" id="8c84fa94-04c1-424b-9868-57a2d4851a1d" />
    <TestList name="All Loaded Results" id="19431567-8539-422a-85d7-44ee4e166bda" />
  </TestLists>
  <TestEntries>
    <TestEntry testId="58be1d8d-2a83-88b5-a750-ffb624ed73da" executionId="4949eec3-6cf1-4da6-a259-e4c7268311ce" testListId="8c84fa94-04c1-424b-9868-57a2d4851a1d" />
  </TestEntries>
  <Results>
    <UnitTestResult executionId="4949eec3-6cf1-4da6-a259-e4c7268311ce" testId="58be1d8d-2a83-88b5-a750-ffb624ed73da" testName="TestPushInt" computerName="RNDM-PC" duration="00:00:00.0041173" startTime="2014-07-31T18:46:49.9915565+12:00" endTime="2014-07-31T18:46:50.0175596+12:00" testType="13cdc9d9-ddb5-4fa4-a97d-d965ccfc6d4b" outcome="Failed" testListId="8c84fa94-04c1-424b-9868-57a2d4851a1d">
      <Output>
        <ErrorInfo>
          <Message>Assert.AreEqual failed. Expected:&lt;5&gt;. Actual:&lt;0&gt;. </Message>
          <StackTrace>   at charlal1_stack_queue_tests.charlal1_stack_queue_tests.TestPushInt() in c:\users\rndm\documents\work\ads\charlal1_stack_queue\charlal1_stack_queue_tests\charlal1_stack_queue_tests.cpp:line 71
</StackTrace>
        </ErrorInfo>
      </Output>
    </UnitTestResult>
  </Results>
</TestRun>