<?xml version="1.0" encoding="UTF-8"?>
<TestRun id="cda7eeb3-29b3-42c3-9ad6-71c6a055fb31" name="rNdm@RNDM-PC 2014-07-31 17:37:29" runUser="RNDM-PC\rNdm" xmlns="http://microsoft.com/schemas/VisualStudio/TeamTest/2006">
  <TestRunConfiguration name="Local Test Run" id="40aa7b33-5a90-4002-88c6-e356e58f2b73">
    <Description>This is a default test run configuration for a local test run.</Description>
    <Deployment runDeploymentRoot="C:\Users\rNdm\Documents\Work\ADS\charlal1_stack_queue\TestResults\rNdm_RNDM-PC 2014-07-31 17_37_29" />
    <TestTypeSpecific />
  </TestRunConfiguration>
  <ResultSummary outcome="Completed">
    <Counters total="2" executed="2" passed="2" error="0" failed="0" timeout="0" aborted="0" inconclusive="0" passedButRunAborted="0" notRunnable="0" notExecuted="0" disconnected="0" warning="0" completed="0" inProgress="0" pending="0" />
  </ResultSummary>
  <Times creation="2014-07-31T17:37:29.2270383+12:00" queuing="2014-07-31T17:37:29.2990446+12:00" start="2014-07-31T17:37:29.3040502+12:00" finish="2014-07-31T17:37:29.3240472+12:00" />
  <TestDefinitions>
    <UnitTest name="TestPushChar" storage="c:\users\rndm\documents\work\ads\charlal1_stack_queue\debug\charlal1_stack_queue_tests.dll" id="73a2d7e4-79e2-9df1-b2b9-d29b68bfc94d">
      <Css projectStructure="" iteration="" />
      <Owners>
        <Owner name="" />
      </Owners>
      <Execution id="f13bebff-9964-4528-b040-7bf6709e58c8" />
      <TestMethod codeBase="C:\Users\rNdm\Documents\Work\ADS\charlal1_stack_queue\Debug\charlal1_stack_queue_tests.dll" adapterTypeName="Microsoft.VisualStudio.TestTools.TestTypes.Unit.UnitTestAdapter, Microsoft.VisualStudio.QualityTools.Tips.UnitTest.Adapter, Version=9.0.0.0, Culture=neutral, PublicKeyToken=b03f5f7f11d50a3a" className="charlal1_stack_queue_tests.charlal1_stack_queue_tests, charlal1_stack_queue_tests" name="TestPushChar" />
    </UnitTest>
    <UnitTest name="TestPushInt" storage="c:\users\rndm\documents\work\ads\charlal1_stack_queue\debug\charlal1_stack_queue_tests.dll" id="58be1d8d-2a83-88b5-a750-ffb624ed73da">
      <Css projectStructure="" iteration="" />
      <Owners>
        <Owner name="" />
      </Owners>
      <Execution id="faa46d7e-956d-446a-9887-91cbd39d5b35" />
      <TestMethod codeBase="C:\Users\rNdm\Documents\Work\ADS\charlal1_stack_queue\Debug\charlal1_stack_queue_tests.dll" adapterTypeName="Microsoft.VisualStudio.TestTools.TestTypes.Unit.UnitTestAdapter, Microsoft.VisualStudio.QualityTools.Tips.UnitTest.Adapter, Version=9.0.0.0, Culture=neutral, PublicKeyToken=b03f5f7f11d50a3a" className="charlal1_stack_queue_tests.charlal1_stack_queue_tests, charlal1_stack_queue_tests" name="TestPushInt" />
    </UnitTest>
  </TestDefinitions>
  <TestLists>
    <TestList name="Results Not in a List" id="8c84fa94-04c1-424b-9868-57a2d4851a1d" />
    <TestList name="All Loaded Results" id="19431567-8539-422a-85d7-44ee4e166bda" />
  </TestLists>
  <TestEntries>
    <TestEntry testId="58be1d8d-2a83-88b5-a750-ffb624ed73da" executionId="faa46d7e-956d-446a-9887-91cbd39d5b35" testListId="8c84fa94-04c1-424b-9868-57a2d4851a1d" />
    <TestEntry testId="73a2d7e4-79e2-9df1-b2b9-d29b68bfc94d" executionId="f13bebff-9964-4528-b040-7bf6709e58c8" testListId="8c84fa94-04c1-424b-9868-57a2d4851a1d" />
  </TestEntries>
  <Results>
    <UnitTestResult executionId="faa46d7e-956d-446a-9887-91cbd39d5b35" testId="58be1d8d-2a83-88b5-a750-ffb624ed73da" testName="TestPushInt" computerName="RNDM-PC" duration="00:00:00.0012804" startTime="2014-07-31T17:37:29.3040502+12:00" endTime="2014-07-31T17:37:29.3210520+12:00" testType="13cdc9d9-ddb5-4fa4-a97d-d965ccfc6d4b" outcome="Passed" testListId="8c84fa94-04c1-424b-9868-57a2d4851a1d">
      <Output>
      </Output>
    </UnitTestResult>
    <UnitTestResult executionId="f13bebff-9964-4528-b040-7bf6709e58c8" testId="73a2d7e4-79e2-9df1-b2b9-d29b68bfc94d" testName="TestPushChar" computerName="RNDM-PC" duration="00:00:00.0005352" startTime="2014-07-31T17:37:29.3210520+12:00" endTime="2014-07-31T17:37:29.3230475+12:00" testType="13cdc9d9-ddb5-4fa4-a97d-d965ccfc6d4b" outcome="Passed" testListId="8c84fa94-04c1-424b-9868-57a2d4851a1d">
      <Output>
      </Output>
    </UnitTestResult>
  </Results>
</TestRun>