<?xml version="1.0" encoding="UTF-8"?>
<TestRun id="3ff3c384-815d-4cf4-b425-4485476dccb3" name="rNdm@RNDM-PC 2014-07-31 17:42:06" runUser="RNDM-PC\rNdm" xmlns="http://microsoft.com/schemas/VisualStudio/TeamTest/2006">
  <TestRunConfiguration name="Local Test Run" id="40aa7b33-5a90-4002-88c6-e356e58f2b73">
    <Description>This is a default test run configuration for a local test run.</Description>
    <Deployment runDeploymentRoot="C:\Users\rNdm\Documents\Work\ADS\charlal1_stack_queue\TestResults\rNdm_RNDM-PC 2014-07-31 17_42_06" />
    <TestTypeSpecific />
  </TestRunConfiguration>
  <ResultSummary outcome="Completed">
    <Counters total="4" executed="4" passed="4" error="0" failed="0" timeout="0" aborted="0" inconclusive="0" passedButRunAborted="0" notRunnable="0" notExecuted="0" disconnected="0" warning="0" completed="0" inProgress="0" pending="0" />
  </ResultSummary>
  <Times creation="2014-07-31T17:42:06.6963073+12:00" queuing="2014-07-31T17:42:06.7853114+12:00" start="2014-07-31T17:42:06.7913107+12:00" finish="2014-07-31T17:42:06.8173163+12:00" />
  <TestDefinitions>
    <UnitTest name="TestPushChar" storage="c:\users\rndm\documents\work\ads\charlal1_stack_queue\debug\charlal1_stack_queue_tests.dll" id="73a2d7e4-79e2-9df1-b2b9-d29b68bfc94d">
      <Css projectStructure="" iteration="" />
      <Owners>
        <Owner name="" />
      </Owners>
      <Execution id="f7267eb9-df66-46df-95e8-f455a8f2ff5b" />
      <TestMethod codeBase="C:\Users\rNdm\Documents\Work\ADS\charlal1_stack_queue\Debug\charlal1_stack_queue_tests.dll" adapterTypeName="Microsoft.VisualStudio.TestTools.TestTypes.Unit.UnitTestAdapter, Microsoft.VisualStudio.QualityTools.Tips.UnitTest.Adapter, Version=9.0.0.0, Culture=neutral, PublicKeyToken=b03f5f7f11d50a3a" className="charlal1_stack_queue_tests.charlal1_stack_queue_tests, charlal1_stack_queue_tests" name="TestPushChar" />
    </UnitTest>
    <UnitTest name="TestPopChar" storage="c:\users\rndm\documents\work\ads\charlal1_stack_queue\debug\charlal1_stack_queue_tests.dll" id="18a026e3-bf33-a0ce-2908-3e3207099e1f">
      <Css projectStructure="" iteration="" />
      <Owners>
        <Owner name="" />
      </Owners>
      <Execution id="1da9ee9d-d1c8-41f3-b4de-d96377e167cb" />
      <TestMethod codeBase="C:\Users\rNdm\Documents\Work\ADS\charlal1_stack_queue\Debug\charlal1_stack_queue_tests.dll" adapterTypeName="Microsoft.VisualStudio.TestTools.TestTypes.Unit.UnitTestAdapter, Microsoft.VisualStudio.QualityTools.Tips.UnitTest.Adapter, Version=9.0.0.0, Culture=neutral, PublicKeyToken=b03f5f7f11d50a3a" className="charlal1_stack_queue_tests.charlal1_stack_queue_tests, charlal1_stack_queue_tests" name="TestPopChar" />
    </UnitTest>
    <UnitTest name="TestPopInt" storage="c:\users\rndm\documents\work\ads\charlal1_stack_queue\debug\charlal1_stack_queue_tests.dll" id="2dcafd1a-ff65-48e2-075f-b3303e1d4d5c">
      <Css projectStructure="" iteration="" />
      <Owners>
        <Owner name="" />
      </Owners>
      <Execution id="fdf7b03c-186b-4626-9129-61d2e0b1c96a" />
      <TestMethod codeBase="C:\Users\rNdm\Documents\Work\ADS\charlal1_stack_queue\Debug\charlal1_stack_queue_tests.dll" adapterTypeName="Microsoft.VisualStudio.TestTools.TestTypes.Unit.UnitTestAdapter, Microsoft.VisualStudio.QualityTools.Tips.UnitTest.Adapter, Version=9.0.0.0, Culture=neutral, PublicKeyToken=b03f5f7f11d50a3a" className="charlal1_stack_queue_tests.charlal1_stack_queue_tests, charlal1_stack_queue_tests" name="TestPopInt" />
    </UnitTest>
    <UnitTest name="TestPushInt" storage="c:\users\rndm\documents\work\ads\charlal1_stack_queue\debug\charlal1_stack_queue_tests.dll" id="58be1d8d-2a83-88b5-a750-ffb624ed73da">
      <Css projectStructure="" iteration="" />
      <Owners>
        <Owner name="" />
      </Owners>
      <Execution id="1d746b0b-6fef-4320-9751-19458f603506" />
      <TestMethod codeBase="C:\Users\rNdm\Documents\Work\ADS\charlal1_stack_queue\Debug\charlal1_stack_queue_tests.dll" adapterTypeName="Microsoft.VisualStudio.TestTools.TestTypes.Unit.UnitTestAdapter, Microsoft.VisualStudio.QualityTools.Tips.UnitTest.Adapter, Version=9.0.0.0, Culture=neutral, PublicKeyToken=b03f5f7f11d50a3a" className="charlal1_stack_queue_tests.charlal1_stack_queue_tests, charlal1_stack_queue_tests" name="TestPushInt" />
    </UnitTest>
  </TestDefinitions>
  <TestLists>
    <TestList name="Results Not in a List" id="8c84fa94-04c1-424b-9868-57a2d4851a1d" />
    <TestList name="All Loaded Results" id="19431567-8539-422a-85d7-44ee4e166bda" />
  </TestLists>
  <TestEntries>
    <TestEntry testId="18a026e3-bf33-a0ce-2908-3e3207099e1f" executionId="1da9ee9d-d1c8-41f3-b4de-d96377e167cb" testListId="8c84fa94-04c1-424b-9868-57a2d4851a1d" />
    <TestEntry testId="2dcafd1a-ff65-48e2-075f-b3303e1d4d5c" executionId="fdf7b03c-186b-4626-9129-61d2e0b1c96a" testListId="8c84fa94-04c1-424b-9868-57a2d4851a1d" />
    <TestEntry testId="58be1d8d-2a83-88b5-a750-ffb624ed73da" executionId="1d746b0b-6fef-4320-9751-19458f603506" testListId="8c84fa94-04c1-424b-9868-57a2d4851a1d" />
    <TestEntry testId="73a2d7e4-79e2-9df1-b2b9-d29b68bfc94d" executionId="f7267eb9-df66-46df-95e8-f455a8f2ff5b" testListId="8c84fa94-04c1-424b-9868-57a2d4851a1d" />
  </TestEntries>
  <Results>
    <UnitTestResult executionId="1da9ee9d-d1c8-41f3-b4de-d96377e167cb" testId="18a026e3-bf33-a0ce-2908-3e3207099e1f" testName="TestPopChar" computerName="RNDM-PC" duration="00:00:00.0012571" startTime="2014-07-31T17:42:06.7913107+12:00" endTime="2014-07-31T17:42:06.8083161+12:00" testType="13cdc9d9-ddb5-4fa4-a97d-d965ccfc6d4b" outcome="Passed" testListId="8c84fa94-04c1-424b-9868-57a2d4851a1d">
      <Output>
      </Output>
    </UnitTestResult>
    <UnitTestResult executionId="fdf7b03c-186b-4626-9129-61d2e0b1c96a" testId="2dcafd1a-ff65-48e2-075f-b3303e1d4d5c" testName="TestPopInt" computerName="RNDM-PC" duration="00:00:00.0008231" startTime="2014-07-31T17:42:06.8083161+12:00" endTime="2014-07-31T17:42:06.8103190+12:00" testType="13cdc9d9-ddb5-4fa4-a97d-d965ccfc6d4b" outcome="Passed" testListId="8c84fa94-04c1-424b-9868-57a2d4851a1d">
      <Output>
      </Output>
    </UnitTestResult>
    <UnitTestResult executionId="1d746b0b-6fef-4320-9751-19458f603506" testId="58be1d8d-2a83-88b5-a750-ffb624ed73da" testName="TestPushInt" computerName="RNDM-PC" duration="00:00:00.0002540" startTime="2014-07-31T17:42:06.8113182+12:00" endTime="2014-07-31T17:42:06.8123166+12:00" testType="13cdc9d9-ddb5-4fa4-a97d-d965ccfc6d4b" outcome="Passed" testListId="8c84fa94-04c1-424b-9868-57a2d4851a1d">
      <Output>
      </Output>
    </UnitTestResult>
    <UnitTestResult executionId="f7267eb9-df66-46df-95e8-f455a8f2ff5b" testId="73a2d7e4-79e2-9df1-b2b9-d29b68bfc94d" testName="TestPushChar" computerName="RNDM-PC" duration="00:00:00.0002325" startTime="2014-07-31T17:42:06.8123166+12:00" endTime="2014-07-31T17:42:06.8133173+12:00" testType="13cdc9d9-ddb5-4fa4-a97d-d965ccfc6d4b" outcome="Passed" testListId="8c84fa94-04c1-424b-9868-57a2d4851a1d">
      <Output>
      </Output>
    </UnitTestResult>
  </Results>
</TestRun>