<?xml version="1.0" encoding="UTF-8"?>
<TestRun id="733453e5-45e5-4820-aa5a-35d937d1c7f9" name="rNdm@RNDM-PC 2014-07-31 17:45:04" runUser="RNDM-PC\rNdm" xmlns="http://microsoft.com/schemas/VisualStudio/TeamTest/2006">
  <TestRunConfiguration name="Local Test Run" id="40aa7b33-5a90-4002-88c6-e356e58f2b73">
    <Description>This is a default test run configuration for a local test run.</Description>
    <Deployment runDeploymentRoot="C:\Users\rNdm\Documents\Work\ADS\charlal1_stack_queue\TestResults\rNdm_RNDM-PC 2014-07-31 17_45_04" />
    <TestTypeSpecific />
  </TestRunConfiguration>
  <ResultSummary outcome="Completed">
    <Counters total="1" executed="1" passed="1" error="0" failed="0" timeout="0" aborted="0" inconclusive="0" passedButRunAborted="0" notRunnable="0" notExecuted="0" disconnected="0" warning="0" completed="0" inProgress="0" pending="0" />
  </ResultSummary>
  <Times creation="2014-07-31T17:45:04.5780025+12:00" queuing="2014-07-31T17:45:04.6690156+12:00" start="2014-07-31T17:45:04.6820169+12:00" finish="2014-07-31T17:45:04.7010136+12:00" />
  <TestDefinitions>
    <UnitTest name="TestCountInt" storage="c:\users\rndm\documents\work\ads\charlal1_stack_queue\debug\charlal1_stack_queue_tests.dll" id="8599b3a5-2107-d57b-5c74-0248aeda468a">
      <Css projectStructure="" iteration="" />
      <Owners>
        <Owner name="" />
      </Owners>
      <Execution id="e5e58c16-28db-4551-b5cf-6e70f93e43c4" />
      <TestMethod codeBase="C:\Users\rNdm\Documents\Work\ADS\charlal1_stack_queue\Debug\charlal1_stack_queue_tests.dll" adapterTypeName="Microsoft.VisualStudio.TestTools.TestTypes.Unit.UnitTestAdapter, Microsoft.VisualStudio.QualityTools.Tips.UnitTest.Adapter, Version=9.0.0.0, Culture=neutral, PublicKeyToken=b03f5f7f11d50a3a" className="charlal1_stack_queue_tests.charlal1_stack_queue_tests, charlal1_stack_queue_tests" name="TestCountInt" />
    </UnitTest>
  </TestDefinitions>
  <TestLists>
    <TestList name="Results Not in a List" id="8c84fa94-04c1-424b-9868-57a2d4851a1d" />
    <TestList name="All Loaded Results" id="19431567-8539-422a-85d7-44ee4e166bda" />
  </TestLists>
  <TestEntries>
    <TestEntry testId="8599b3a5-2107-d57b-5c74-0248aeda468a" executionId="e5e58c16-28db-4551-b5cf-6e70f93e43c4" testListId="8c84fa94-04c1-424b-9868-57a2d4851a1d" />
  </TestEntries>
  <Results>
    <UnitTestResult executionId="e5e58c16-28db-4551-b5cf-6e70f93e43c4" testId="8599b3a5-2107-d57b-5c74-0248aeda468a" testName="TestCountInt" computerName="RNDM-PC" duration="00:00:00.0016086" startTime="2014-07-31T17:45:04.6820169+12:00" endTime="2014-07-31T17:45:04.6990193+12:00" testType="13cdc9d9-ddb5-4fa4-a97d-d965ccfc6d4b" outcome="Passed" testListId="8c84fa94-04c1-424b-9868-57a2d4851a1d">
      <Output>
      </Output>
    </UnitTestResult>
  </Results>
</TestRun>