<?xml version="1.0" encoding="UTF-8"?>
<TestRun id="da25aa99-8bb8-42a6-9fad-d60600955d24" name="rndm@RNDM-VM 2014-08-03 12:32:03" runUser="RNDM-VM\rndm" xmlns="http://microsoft.com/schemas/VisualStudio/TeamTest/2006">
  <TestRunConfiguration name="Local Test Run" id="2a058cb2-c568-4ca8-b65c-89cd87c22c94">
    <Description>This is a default test run configuration for a local test run.</Description>
    <Deployment runDeploymentRoot="V:\ADS\charlal1_linear_data_structures\TestResults\rndm_RNDM-VM 2014-08-03 12_32_03" />
    <TestTypeSpecific />
  </TestRunConfiguration>
  <ResultSummary outcome="Error">
    <Counters total="1" error="0" failed="0" timeout="0" aborted="0" inconclusive="0" passedButRunAborted="0" notRunnable="0" notExecuted="1" disconnected="0" warning="0" passed="0" completed="0" inProgress="0" pending="0" />
    <RunInfos>
      <RunInfo computerName="RNDM-VM" outcome="Error" timestamp="2014-08-03T12:32:04.9835616+12:00">
        <Text>Failed to queue test run 'rndm@RNDM-VM 2014-08-03 12:32:03': Test Run deployment issue: The location of the file or directory 'v:\ads\charlal1_linear_data_structures\debug\unittests.dll' is not trusted.</Text>
        <Exception>Microsoft.VisualStudio.TestTools.TestManagement.ExecutionException: Test Run deployment issue: The location of the file or directory 'v:\ads\charlal1_linear_data_structures\debug\unittests.dll' is not trusted.
   at Microsoft.VisualStudio.TestTools.TestManagement.DeploymentManager.DoDeployment(TestRun run, FileCopyService fileCopyService)
   at Microsoft.VisualStudio.TestTools.TestManagement.ControllerProxy.SetupTestRun(TestRun run, Boolean isNewTestRun, FileCopyService&amp; fileCopyService)
   at Microsoft.VisualStudio.TestTools.TestManagement.ControllerProxy.QueueTestRunWorker(Object state)</Exception>
      </RunInfo>
    </RunInfos>
  </ResultSummary>
  <Times creation="2014-08-03T12:32:03.6241175+12:00" queuing="2014-08-03T12:32:03.6241175+12:00" start="2014-08-03T12:32:03.6241175+12:00" finish="2014-08-03T12:32:05.0147133+12:00" />
  <TestDefinitions>
    <UnitTest name="BalancedBracesParser_ParseTest" storage="v:\ads\charlal1_linear_data_structures\debug\unittests.dll" id="a8f2a717-713c-d052-c092-b5d7c0a7cf45">
      <Css projectStructure="" iteration="" />
      <Owners>
        <Owner name="" />
      </Owners>
      <TestMethod codeBase="v:\ADS\charlal1_linear_data_structures\Debug\UnitTests.dll" adapterTypeName="Microsoft.VisualStudio.TestTools.TestTypes.Unit.UnitTestAdapter, Microsoft.VisualStudio.QualityTools.Tips.UnitTest.Adapter, Version=9.0.0.0, Culture=neutral, PublicKeyToken=b03f5f7f11d50a3a" className="UnitTests, UnitTests" name="BalancedBracesParser_ParseTest" />
    </UnitTest>
  </TestDefinitions>
  <TestLists>
    <TestList name="Results Not in a List" id="8c84fa94-04c1-424b-9868-57a2d4851a1d" />
    <TestList name="All Loaded Results" id="19431567-8539-422a-85d7-44ee4e166bda" />
  </TestLists>
  <TestEntries>
    <TestEntry testId="a8f2a717-713c-d052-c092-b5d7c0a7cf45" executionId="c587b75c-0714-4c21-af6f-5acef9d0246b" testListId="8c84fa94-04c1-424b-9868-57a2d4851a1d" />
  </TestEntries>
  <Results>
    <UnitTestResult executionId="c587b75c-0714-4c21-af6f-5acef9d0246b" testId="a8f2a717-713c-d052-c092-b5d7c0a7cf45" testName="BalancedBracesParser_ParseTest" computerName="RNDM-VM" duration="00:00:00" startTime="0001-01-01T13:00:00.0000000+13:00" endTime="0001-01-01T13:00:00.0000000+13:00" testType="13cdc9d9-ddb5-4fa4-a97d-d965ccfc6d4b" outcome="NotExecuted" testListId="8c84fa94-04c1-424b-9868-57a2d4851a1d">
    </UnitTestResult>
  </Results>
</TestRun>